2023-06-02 02:43:42,571 INFO o.a.j.u.JMeterUtils: Setting Locale to en_US
2023-06-02 02:43:42,687 INFO o.a.j.JMeter: Loading user properties from: /home/vagrant/.bzt/jmeter-taurus/5.4.3/bin/user.properties
2023-06-02 02:43:42,688 INFO o.a.j.JMeter: Loading system properties from: /home/vagrant/.bzt/jmeter-taurus/5.4.3/bin/system.properties
2023-06-02 02:43:42,688 INFO o.a.j.JMeter: Loading additional properties from: /home/vagrant/daniel/simple-web-server/2023-06-02_02-43-28.205597/jmeter-bzt.properties
2023-06-02 02:43:42,688 INFO o.a.j.JMeter: Setting System properties from file: /home/vagrant/daniel/simple-web-server/2023-06-02_02-43-28.205597/system.properties
2023-06-02 02:43:42,697 INFO o.a.j.JMeter: Copyright (c) 1998-2021 The Apache Software Foundation
2023-06-02 02:43:42,697 INFO o.a.j.JMeter: Version 5.4.3
2023-06-02 02:43:42,698 INFO o.a.j.JMeter: java.version=11.0.11
2023-06-02 02:43:42,698 INFO o.a.j.JMeter: java.vm.name=OpenJDK 64-Bit Server VM
2023-06-02 02:43:42,698 INFO o.a.j.JMeter: os.name=Linux
2023-06-02 02:43:42,698 INFO o.a.j.JMeter: os.arch=amd64
2023-06-02 02:43:42,698 INFO o.a.j.JMeter: os.version=5.4.0-80-generic
2023-06-02 02:43:42,698 INFO o.a.j.JMeter: file.encoding=UTF-8
2023-06-02 02:43:42,698 INFO o.a.j.JMeter: java.awt.headless=true
2023-06-02 02:43:42,698 INFO o.a.j.JMeter: Max memory     =5249171456
2023-06-02 02:43:42,698 INFO o.a.j.JMeter: Available Processors =6
2023-06-02 02:43:42,712 INFO o.a.j.JMeter: Default Locale=English (United States)
2023-06-02 02:43:42,712 INFO o.a.j.JMeter: JMeter  Locale=English (United States)
2023-06-02 02:43:42,712 INFO o.a.j.JMeter: JMeterHome=/home/vagrant/.bzt/jmeter-taurus/5.4.3
2023-06-02 02:43:42,712 INFO o.a.j.JMeter: user.dir  =/home/vagrant/daniel/simple-web-server
2023-06-02 02:43:42,713 INFO o.a.j.JMeter: PWD       =/home/vagrant/daniel/simple-web-server
2023-06-02 02:43:42,713 INFO o.a.j.JMeter: IP: 127.0.1.1 Name: vagrant FullName: vagrant.vm
2023-06-02 02:43:42,713 INFO o.a.j.JMeter: user.classpath=/home/vagrant/daniel/simple-web-server/2023-06-02_02-43-28.205597:/home/vagrant/daniel/simple-web-server/2023-06-02_02-43-28.205597
2023-06-02 02:43:42,713 INFO o.a.j.JMeter: Adding to classpath and loader: /home/vagrant/daniel/simple-web-server/2023-06-02_02-43-28.205597
2023-06-02 02:43:42,723 INFO o.a.j.JMeter: Adding to classpath and loader: /home/vagrant/daniel/simple-web-server/2023-06-02_02-43-28.205597
2023-06-02 02:43:42,731 INFO o.a.j.s.FileServer: Default base='/home/vagrant/daniel/simple-web-server'
2023-06-02 02:43:42,732 INFO o.a.j.s.FileServer: Set new base='/home/vagrant/daniel/simple-web-server/2023-06-02_02-43-28.205597'
2023-06-02 02:43:43,231 INFO o.a.j.s.SaveService: Testplan (JMX) version: 2.2. Testlog (JTL) version: 2.2
2023-06-02 02:43:43,272 INFO o.a.j.s.SaveService: Using SaveService properties version 5.0
2023-06-02 02:43:43,275 INFO o.a.j.s.SaveService: Using SaveService properties file encoding UTF-8
2023-06-02 02:43:43,279 INFO o.a.j.s.SaveService: Loading file: /home/vagrant/daniel/simple-web-server/2023-06-02_02-43-28.205597/modified_requests.jmx
2023-06-02 02:43:43,381 INFO o.a.j.p.h.c.CacheManager: Will only cache the following methods: [GET]
2023-06-02 02:43:43,392 INFO o.a.j.p.h.c.CookieManager: Settings: Delete null: true Check: true Allow variable: true Save: false Prefix: COOKIE_
2023-06-02 02:43:43,423 INFO o.a.j.p.h.s.HTTPSamplerBase: Parser for text/html is org.apache.jmeter.protocol.http.parser.LagartoBasedHtmlParser
2023-06-02 02:43:43,423 INFO o.a.j.p.h.s.HTTPSamplerBase: Parser for application/xhtml+xml is org.apache.jmeter.protocol.http.parser.LagartoBasedHtmlParser
2023-06-02 02:43:43,423 INFO o.a.j.p.h.s.HTTPSamplerBase: Parser for application/xml is org.apache.jmeter.protocol.http.parser.LagartoBasedHtmlParser
2023-06-02 02:43:43,423 INFO o.a.j.p.h.s.HTTPSamplerBase: Parser for text/xml is org.apache.jmeter.protocol.http.parser.LagartoBasedHtmlParser
2023-06-02 02:43:43,423 INFO o.a.j.p.h.s.HTTPSamplerBase: Parser for text/vnd.wap.wml is org.apache.jmeter.protocol.http.parser.RegexpHTMLParser
2023-06-02 02:43:43,423 INFO o.a.j.p.h.s.HTTPSamplerBase: Parser for text/css is org.apache.jmeter.protocol.http.parser.CssParser
2023-06-02 02:43:43,488 INFO o.a.j.e.StandardJMeterEngine: Running the test!
2023-06-02 02:43:43,489 INFO o.a.j.s.SampleEvent: List of sample_variables: []
2023-06-02 02:43:43,489 INFO o.a.j.s.SampleEvent: List of sample_variables: []
2023-06-02 02:43:43,518 INFO o.a.j.e.u.CompoundVariable: Note: Function class names must contain the string: '.functions.'
2023-06-02 02:43:43,518 INFO o.a.j.e.u.CompoundVariable: Note: Function class names must not contain the string: '.gui.'
2023-06-02 02:43:44,170 INFO o.a.j.JMeter: Running test (1685673824170)
2023-06-02 02:43:44,231 INFO o.a.j.e.StandardJMeterEngine: Starting ThreadGroup: 1 : simple-web-server
2023-06-02 02:43:44,231 INFO o.a.j.e.StandardJMeterEngine: Starting 60 threads for group simple-web-server.
2023-06-02 02:43:44,231 INFO o.a.j.e.StandardJMeterEngine: Thread will continue on error
2023-06-02 02:43:44,243 INFO o.a.j.e.StandardJMeterEngine: All thread groups have been started
2023-06-02 02:43:44,243 INFO c.b.j.t.c.ConcurrencyThreadStarter: Start supplying threads
2023-06-02 02:43:44,350 INFO o.a.j.s.SampleResult: Note: Sample TimeStamps are START times
2023-06-02 02:43:44,350 INFO o.a.j.s.SampleResult: sampleresult.default.encoding is set to UTF-8
2023-06-02 02:43:44,351 INFO o.a.j.s.SampleResult: sampleresult.useNanoTime=true
2023-06-02 02:43:44,351 INFO o.a.j.s.SampleResult: sampleresult.nanoThreadSleep=5000
2023-06-02 02:43:44,371 INFO o.a.j.t.JMeterThread: Thread started: simple-web-server-ThreadStarter 1-1
2023-06-02 02:43:44,406 INFO o.a.j.p.h.s.HTTPHCAbstractImpl: Local host = vagrant
2023-06-02 02:43:44,438 INFO o.a.j.p.h.s.HTTPHC4Impl: HTTP request retry count = 0
2023-06-02 02:43:45,116 INFO o.a.j.u.JsseSSLManager: Using default SSL protocol: TLS
2023-06-02 02:43:45,117 INFO o.a.j.u.JsseSSLManager: SSL session context: per-thread
2023-06-02 02:43:45,415 INFO o.a.j.t.JMeterThread: Thread started: simple-web-server-ThreadStarter 1-5
2023-06-02 02:43:45,415 INFO o.a.j.t.JMeterThread: Thread started: simple-web-server-ThreadStarter 1-6
2023-06-02 02:43:45,415 INFO o.a.j.t.JMeterThread: Thread started: simple-web-server-ThreadStarter 1-2
2023-06-02 02:43:45,415 INFO o.a.j.t.JMeterThread: Thread started: simple-web-server-ThreadStarter 1-3
2023-06-02 02:43:45,415 INFO o.a.j.t.JMeterThread: Thread started: simple-web-server-ThreadStarter 1-4
2023-06-02 02:43:45,429 INFO o.a.j.t.JMeterThread: Thread started: simple-web-server-ThreadStarter 1-7
2023-06-02 02:43:46,443 INFO o.a.j.t.JMeterThread: Thread started: simple-web-server-ThreadStarter 1-8
2023-06-02 02:43:46,454 INFO o.a.j.t.JMeterThread: Thread started: simple-web-server-ThreadStarter 1-9
2023-06-02 02:43:46,471 INFO o.a.j.t.JMeterThread: Thread started: simple-web-server-ThreadStarter 1-10
2023-06-02 02:43:46,477 INFO o.a.j.t.JMeterThread: Thread started: simple-web-server-ThreadStarter 1-11
2023-06-02 02:43:46,483 INFO o.a.j.t.JMeterThread: Thread started: simple-web-server-ThreadStarter 1-12
2023-06-02 02:43:46,495 INFO o.a.j.t.JMeterThread: Thread started: simple-web-server-ThreadStarter 1-13
2023-06-02 02:43:47,565 INFO o.a.j.t.JMeterThread: Thread started: simple-web-server-ThreadStarter 1-15
2023-06-02 02:43:47,570 INFO o.a.j.t.JMeterThread: Thread started: simple-web-server-ThreadStarter 1-14
2023-06-02 02:43:47,582 INFO o.a.j.t.JMeterThread: Thread started: simple-web-server-ThreadStarter 1-17
2023-06-02 02:43:47,611 INFO o.a.j.t.JMeterThread: Thread started: simple-web-server-ThreadStarter 1-18
2023-06-02 02:43:47,626 INFO o.a.j.t.JMeterThread: Thread started: simple-web-server-ThreadStarter 1-19
2023-06-02 02:43:47,633 INFO o.a.j.t.JMeterThread: Thread started: simple-web-server-ThreadStarter 1-16
2023-06-02 02:43:47,633 INFO o.a.j.t.JMeterThread: Thread started: simple-web-server-ThreadStarter 1-20
2023-06-02 02:43:48,646 INFO o.a.j.t.JMeterThread: Thread started: simple-web-server-ThreadStarter 1-22
2023-06-02 02:43:48,659 INFO o.a.j.t.JMeterThread: Thread started: simple-web-server-ThreadStarter 1-23
2023-06-02 02:43:48,661 INFO o.a.j.t.JMeterThread: Thread started: simple-web-server-ThreadStarter 1-21
2023-06-02 02:43:48,670 INFO o.a.j.t.JMeterThread: Thread started: simple-web-server-ThreadStarter 1-24
2023-06-02 02:43:48,683 INFO o.a.j.t.JMeterThread: Thread started: simple-web-server-ThreadStarter 1-25
2023-06-02 02:43:48,684 INFO o.a.j.t.JMeterThread: Thread started: simple-web-server-ThreadStarter 1-26
2023-06-02 02:43:48,710 INFO o.a.j.t.JMeterThread: Thread started: simple-web-server-ThreadStarter 1-27
2023-06-02 02:43:49,705 INFO o.a.j.t.JMeterThread: Thread started: simple-web-server-ThreadStarter 1-28
2023-06-02 02:43:49,725 INFO o.a.j.t.JMeterThread: Thread started: simple-web-server-ThreadStarter 1-29
2023-06-02 02:43:49,740 INFO o.a.j.t.JMeterThread: Thread started: simple-web-server-ThreadStarter 1-30
2023-06-02 02:43:49,759 INFO o.a.j.t.JMeterThread: Thread started: simple-web-server-ThreadStarter 1-31
2023-06-02 02:43:49,777 INFO o.a.j.t.JMeterThread: Thread started: simple-web-server-ThreadStarter 1-32
2023-06-02 02:43:49,799 INFO o.a.j.t.JMeterThread: Thread started: simple-web-server-ThreadStarter 1-33
2023-06-02 02:43:50,814 INFO o.a.j.t.JMeterThread: Thread started: simple-web-server-ThreadStarter 1-35
2023-06-02 02:43:50,816 INFO o.a.j.t.JMeterThread: Thread started: simple-web-server-ThreadStarter 1-36
2023-06-02 02:43:50,820 INFO o.a.j.t.JMeterThread: Thread started: simple-web-server-ThreadStarter 1-37
2023-06-02 02:43:50,826 INFO o.a.j.t.JMeterThread: Thread started: simple-web-server-ThreadStarter 1-34
2023-06-02 02:43:50,831 INFO o.a.j.t.JMeterThread: Thread started: simple-web-server-ThreadStarter 1-38
2023-06-02 02:43:50,844 INFO o.a.j.t.JMeterThread: Thread started: simple-web-server-ThreadStarter 1-39
2023-06-02 02:43:50,844 INFO o.a.j.t.JMeterThread: Thread started: simple-web-server-ThreadStarter 1-40
2023-06-02 02:43:51,859 INFO o.a.j.t.JMeterThread: Thread started: simple-web-server-ThreadStarter 1-41
2023-06-02 02:43:51,894 INFO o.a.j.t.JMeterThread: Thread started: simple-web-server-ThreadStarter 1-43
2023-06-02 02:43:51,896 INFO o.a.j.t.JMeterThread: Thread started: simple-web-server-ThreadStarter 1-42
2023-06-02 02:43:51,907 INFO o.a.j.t.JMeterThread: Thread started: simple-web-server-ThreadStarter 1-44
2023-06-02 02:43:51,922 INFO o.a.j.t.JMeterThread: Thread started: simple-web-server-ThreadStarter 1-45
2023-06-02 02:43:51,938 INFO o.a.j.t.JMeterThread: Thread started: simple-web-server-ThreadStarter 1-46
2023-06-02 02:43:52,951 INFO o.a.j.t.JMeterThread: Thread started: simple-web-server-ThreadStarter 1-47
2023-06-02 02:43:52,951 INFO o.a.j.t.JMeterThread: Thread started: simple-web-server-ThreadStarter 1-48
2023-06-02 02:43:52,964 INFO o.a.j.t.JMeterThread: Thread started: simple-web-server-ThreadStarter 1-49
2023-06-02 02:43:52,965 INFO o.a.j.t.JMeterThread: Thread started: simple-web-server-ThreadStarter 1-50
2023-06-02 02:43:52,967 INFO o.a.j.t.JMeterThread: Thread started: simple-web-server-ThreadStarter 1-51
2023-06-02 02:43:52,986 INFO o.a.j.t.JMeterThread: Thread started: simple-web-server-ThreadStarter 1-52
2023-06-02 02:43:53,995 INFO o.a.j.t.JMeterThread: Thread started: simple-web-server-ThreadStarter 1-53
2023-06-02 02:43:53,998 INFO o.a.j.t.JMeterThread: Thread started: simple-web-server-ThreadStarter 1-54
2023-06-02 02:43:54,007 INFO o.a.j.t.JMeterThread: Thread started: simple-web-server-ThreadStarter 1-55
2023-06-02 02:43:54,018 INFO o.a.j.t.JMeterThread: Thread started: simple-web-server-ThreadStarter 1-57
2023-06-02 02:43:54,020 INFO o.a.j.t.JMeterThread: Thread started: simple-web-server-ThreadStarter 1-56
2023-06-02 02:43:54,030 INFO o.a.j.t.JMeterThread: Thread started: simple-web-server-ThreadStarter 1-58
2023-06-02 02:43:54,046 INFO o.a.j.t.JMeterThread: Thread started: simple-web-server-ThreadStarter 1-59
2023-06-02 02:43:55,124 INFO o.a.j.t.JMeterThread: Thread started: simple-web-server-ThreadStarter 1-60
2023-06-02 02:44:55,172 INFO c.b.j.t.c.ConcurrencyThreadStarter: Done supplying threads
2023-06-02 02:44:55,785 INFO o.a.j.t.JMeterThread: Thread is done: simple-web-server-ThreadStarter 1-37
2023-06-02 02:44:55,785 INFO o.a.j.t.JMeterThread: Thread is done: simple-web-server-ThreadStarter 1-23
2023-06-02 02:44:55,785 INFO o.a.j.t.JMeterThread: Thread finished: simple-web-server-ThreadStarter 1-37
2023-06-02 02:44:55,785 INFO o.a.j.t.JMeterThread: Thread finished: simple-web-server-ThreadStarter 1-23
2023-06-02 02:44:55,785 INFO o.a.j.t.JMeterThread: Thread is done: simple-web-server-ThreadStarter 1-49
2023-06-02 02:44:55,785 INFO o.a.j.t.JMeterThread: Thread is done: simple-web-server-ThreadStarter 1-22
2023-06-02 02:44:55,786 INFO o.a.j.t.JMeterThread: Thread finished: simple-web-server-ThreadStarter 1-49
2023-06-02 02:44:55,786 INFO o.a.j.t.JMeterThread: Thread is done: simple-web-server-ThreadStarter 1-32
2023-06-02 02:44:55,786 INFO o.a.j.t.JMeterThread: Thread finished: simple-web-server-ThreadStarter 1-22
2023-06-02 02:44:55,786 INFO o.a.j.t.JMeterThread: Thread finished: simple-web-server-ThreadStarter 1-32
2023-06-02 02:44:55,786 INFO o.a.j.t.JMeterThread: Thread is done: simple-web-server-ThreadStarter 1-34
2023-06-02 02:44:55,786 INFO o.a.j.t.JMeterThread: Thread is done: simple-web-server-ThreadStarter 1-6
2023-06-02 02:44:55,786 INFO o.a.j.t.JMeterThread: Thread finished: simple-web-server-ThreadStarter 1-34
2023-06-02 02:44:55,786 INFO o.a.j.t.JMeterThread: Thread finished: simple-web-server-ThreadStarter 1-6
2023-06-02 02:44:55,786 INFO o.a.j.t.JMeterThread: Thread is done: simple-web-server-ThreadStarter 1-30
2023-06-02 02:44:55,786 INFO o.a.j.t.JMeterThread: Thread is done: simple-web-server-ThreadStarter 1-33
2023-06-02 02:44:55,786 INFO o.a.j.t.JMeterThread: Thread finished: simple-web-server-ThreadStarter 1-30
2023-06-02 02:44:55,786 INFO o.a.j.t.JMeterThread: Thread is done: simple-web-server-ThreadStarter 1-52
2023-06-02 02:44:55,786 INFO o.a.j.t.JMeterThread: Thread is done: simple-web-server-ThreadStarter 1-10
2023-06-02 02:44:55,786 INFO o.a.j.t.JMeterThread: Thread finished: simple-web-server-ThreadStarter 1-33
2023-06-02 02:44:55,786 INFO o.a.j.t.JMeterThread: Thread is done: simple-web-server-ThreadStarter 1-2
2023-06-02 02:44:55,785 INFO o.a.j.t.JMeterThread: Thread is done: simple-web-server-ThreadStarter 1-19
2023-06-02 02:44:55,785 INFO o.a.j.t.JMeterThread: Thread is done: simple-web-server-ThreadStarter 1-47
2023-06-02 02:44:55,785 INFO o.a.j.t.JMeterThread: Thread is done: simple-web-server-ThreadStarter 1-53
2023-06-02 02:44:55,800 INFO o.a.j.t.JMeterThread: Thread is done: simple-web-server-ThreadStarter 1-9
2023-06-02 02:44:55,800 INFO o.a.j.t.JMeterThread: Thread finished: simple-web-server-ThreadStarter 1-47
2023-06-02 02:44:55,800 INFO o.a.j.t.JMeterThread: Thread finished: simple-web-server-ThreadStarter 1-53
2023-06-02 02:44:55,800 INFO o.a.j.t.JMeterThread: Thread is done: simple-web-server-ThreadStarter 1-31
2023-06-02 02:44:55,800 INFO o.a.j.t.JMeterThread: Thread finished: simple-web-server-ThreadStarter 1-9
2023-06-02 02:44:55,800 INFO o.a.j.t.JMeterThread: Thread finished: simple-web-server-ThreadStarter 1-31
2023-06-02 02:44:55,800 INFO o.a.j.t.JMeterThread: Thread is done: simple-web-server-ThreadStarter 1-12
2023-06-02 02:44:55,800 INFO o.a.j.t.JMeterThread: Thread finished: simple-web-server-ThreadStarter 1-12
2023-06-02 02:44:55,800 INFO o.a.j.t.JMeterThread: Thread is done: simple-web-server-ThreadStarter 1-54
2023-06-02 02:44:55,800 INFO o.a.j.t.JMeterThread: Thread finished: simple-web-server-ThreadStarter 1-54
2023-06-02 02:44:55,800 INFO o.a.j.t.JMeterThread: Thread is done: simple-web-server-ThreadStarter 1-24
2023-06-02 02:44:55,800 INFO o.a.j.t.JMeterThread: Thread finished: simple-web-server-ThreadStarter 1-24
2023-06-02 02:44:55,785 INFO o.a.j.t.JMeterThread: Thread is done: simple-web-server-ThreadStarter 1-35
2023-06-02 02:44:55,801 INFO o.a.j.t.JMeterThread: Thread finished: simple-web-server-ThreadStarter 1-35
2023-06-02 02:44:55,801 INFO o.a.j.t.JMeterThread: Thread is done: simple-web-server-ThreadStarter 1-45
2023-06-02 02:44:55,801 INFO o.a.j.t.JMeterThread: Thread is done: simple-web-server-ThreadStarter 1-43
2023-06-02 02:44:55,801 INFO o.a.j.t.JMeterThread: Thread finished: simple-web-server-ThreadStarter 1-43
2023-06-02 02:44:55,801 INFO o.a.j.t.JMeterThread: Thread is done: simple-web-server-ThreadStarter 1-28
2023-06-02 02:44:55,801 INFO o.a.j.t.JMeterThread: Thread finished: simple-web-server-ThreadStarter 1-28
2023-06-02 02:44:55,801 INFO o.a.j.t.JMeterThread: Thread is done: simple-web-server-ThreadStarter 1-11
2023-06-02 02:44:55,801 INFO o.a.j.t.JMeterThread: Thread is done: simple-web-server-ThreadStarter 1-14
2023-06-02 02:44:55,801 INFO o.a.j.t.JMeterThread: Thread finished: simple-web-server-ThreadStarter 1-11
2023-06-02 02:44:55,801 INFO o.a.j.t.JMeterThread: Thread finished: simple-web-server-ThreadStarter 1-14
2023-06-02 02:44:55,801 INFO o.a.j.t.JMeterThread: Thread is done: simple-web-server-ThreadStarter 1-51
2023-06-02 02:44:55,801 INFO o.a.j.t.JMeterThread: Thread finished: simple-web-server-ThreadStarter 1-51
2023-06-02 02:44:55,801 INFO o.a.j.t.JMeterThread: Thread is done: simple-web-server-ThreadStarter 1-50
2023-06-02 02:44:55,801 INFO o.a.j.t.JMeterThread: Thread finished: simple-web-server-ThreadStarter 1-50
2023-06-02 02:44:55,801 INFO o.a.j.t.JMeterThread: Thread is done: simple-web-server-ThreadStarter 1-16
2023-06-02 02:44:55,802 INFO o.a.j.t.JMeterThread: Thread finished: simple-web-server-ThreadStarter 1-16
2023-06-02 02:44:55,802 INFO o.a.j.t.JMeterThread: Thread is done: simple-web-server-ThreadStarter 1-7
2023-06-02 02:44:55,802 INFO o.a.j.t.JMeterThread: Thread finished: simple-web-server-ThreadStarter 1-7
2023-06-02 02:44:55,802 INFO o.a.j.t.JMeterThread: Thread is done: simple-web-server-ThreadStarter 1-40
2023-06-02 02:44:55,802 INFO o.a.j.t.JMeterThread: Thread is done: simple-web-server-ThreadStarter 1-41
2023-06-02 02:44:55,802 INFO o.a.j.t.JMeterThread: Thread is done: simple-web-server-ThreadStarter 1-1
2023-06-02 02:44:55,802 INFO o.a.j.t.JMeterThread: Thread is done: simple-web-server-ThreadStarter 1-36
2023-06-02 02:44:55,802 INFO o.a.j.t.JMeterThread: Thread finished: simple-web-server-ThreadStarter 1-41
2023-06-02 02:44:55,802 INFO o.a.j.t.JMeterThread: Thread is done: simple-web-server-ThreadStarter 1-44
2023-06-02 02:44:55,802 INFO o.a.j.t.JMeterThread: Thread finished: simple-web-server-ThreadStarter 1-1
2023-06-02 02:44:55,802 INFO o.a.j.t.JMeterThread: Thread finished: simple-web-server-ThreadStarter 1-36
2023-06-02 02:44:55,802 INFO o.a.j.t.JMeterThread: Thread is done: simple-web-server-ThreadStarter 1-15
2023-06-02 02:44:55,802 INFO o.a.j.t.JMeterThread: Thread finished: simple-web-server-ThreadStarter 1-15
2023-06-02 02:44:55,801 INFO o.a.j.t.JMeterThread: Thread is done: simple-web-server-ThreadStarter 1-3
2023-06-02 02:44:55,802 INFO o.a.j.t.JMeterThread: Thread is done: simple-web-server-ThreadStarter 1-38
2023-06-02 02:44:55,802 INFO o.a.j.t.JMeterThread: Thread is done: simple-web-server-ThreadStarter 1-59
2023-06-02 02:44:55,802 INFO o.a.j.t.JMeterThread: Thread finished: simple-web-server-ThreadStarter 1-3
2023-06-02 02:44:55,802 INFO o.a.j.t.JMeterThread: Thread finished: simple-web-server-ThreadStarter 1-38
2023-06-02 02:44:55,802 INFO o.a.j.t.JMeterThread: Thread finished: simple-web-server-ThreadStarter 1-59
2023-06-02 02:44:55,800 INFO o.a.j.t.JMeterThread: Thread finished: simple-web-server-ThreadStarter 1-2
2023-06-02 02:44:55,802 INFO o.a.j.t.JMeterThread: Thread is done: simple-web-server-ThreadStarter 1-48
2023-06-02 02:44:55,802 INFO o.a.j.t.JMeterThread: Thread is done: simple-web-server-ThreadStarter 1-56
2023-06-02 02:44:55,800 INFO o.a.j.t.JMeterThread: Thread finished: simple-web-server-ThreadStarter 1-19
2023-06-02 02:44:55,803 INFO o.a.j.t.JMeterThread: Thread finished: simple-web-server-ThreadStarter 1-56
2023-06-02 02:44:55,789 INFO o.a.j.t.JMeterThread: Thread finished: simple-web-server-ThreadStarter 1-10
2023-06-02 02:44:55,786 INFO o.a.j.t.JMeterThread: Thread finished: simple-web-server-ThreadStarter 1-52
2023-06-02 02:44:55,804 INFO o.a.j.t.JMeterThread: Thread is done: simple-web-server-ThreadStarter 1-27
2023-06-02 02:44:55,786 INFO o.a.j.t.JMeterThread: Thread is done: simple-web-server-ThreadStarter 1-18
2023-06-02 02:44:55,804 INFO o.a.j.t.JMeterThread: Thread finished: simple-web-server-ThreadStarter 1-18
2023-06-02 02:44:55,804 INFO o.a.j.t.JMeterThread: Thread is done: simple-web-server-ThreadStarter 1-42
2023-06-02 02:44:55,804 INFO o.a.j.t.JMeterThread: Thread is done: simple-web-server-ThreadStarter 1-26
2023-06-02 02:44:55,805 INFO o.a.j.t.JMeterThread: Thread finished: simple-web-server-ThreadStarter 1-42
2023-06-02 02:44:55,805 INFO o.a.j.t.JMeterThread: Thread finished: simple-web-server-ThreadStarter 1-26
2023-06-02 02:44:55,805 INFO o.a.j.t.JMeterThread: Thread is done: simple-web-server-ThreadStarter 1-39
2023-06-02 02:44:55,805 INFO o.a.j.t.JMeterThread: Thread finished: simple-web-server-ThreadStarter 1-39
2023-06-02 02:44:55,805 INFO o.a.j.t.JMeterThread: Thread is done: simple-web-server-ThreadStarter 1-13
2023-06-02 02:44:55,805 INFO o.a.j.t.JMeterThread: Thread finished: simple-web-server-ThreadStarter 1-13
2023-06-02 02:44:55,805 INFO o.a.j.t.JMeterThread: Thread is done: simple-web-server-ThreadStarter 1-58
2023-06-02 02:44:55,805 INFO o.a.j.t.JMeterThread: Thread is done: simple-web-server-ThreadStarter 1-25
2023-06-02 02:44:55,805 INFO o.a.j.t.JMeterThread: Thread finished: simple-web-server-ThreadStarter 1-58
2023-06-02 02:44:55,805 INFO o.a.j.t.JMeterThread: Thread finished: simple-web-server-ThreadStarter 1-25
2023-06-02 02:44:55,805 INFO o.a.j.t.JMeterThread: Thread is done: simple-web-server-ThreadStarter 1-55
2023-06-02 02:44:55,805 INFO o.a.j.t.JMeterThread: Thread is done: simple-web-server-ThreadStarter 1-17
2023-06-02 02:44:55,804 INFO o.a.j.t.JMeterThread: Thread is done: simple-web-server-ThreadStarter 1-57
2023-06-02 02:44:55,805 INFO o.a.j.t.JMeterThread: Thread finished: simple-web-server-ThreadStarter 1-17
2023-06-02 02:44:55,805 INFO o.a.j.t.JMeterThread: Thread finished: simple-web-server-ThreadStarter 1-57
2023-06-02 02:44:55,806 INFO o.a.j.t.JMeterThread: Thread finished: simple-web-server-ThreadStarter 1-27
2023-06-02 02:44:55,803 INFO o.a.j.t.JMeterThread: Thread is done: simple-web-server-ThreadStarter 1-20
2023-06-02 02:44:55,806 INFO o.a.j.t.JMeterThread: Thread finished: simple-web-server-ThreadStarter 1-20
2023-06-02 02:44:55,806 INFO o.a.j.t.JMeterThread: Thread is done: simple-web-server-ThreadStarter 1-46
2023-06-02 02:44:55,804 INFO o.a.j.t.JMeterThread: Thread is done: simple-web-server-ThreadStarter 1-8
2023-06-02 02:44:55,806 INFO o.a.j.t.JMeterThread: Thread is done: simple-web-server-ThreadStarter 1-4
2023-06-02 02:44:55,806 INFO o.a.j.t.JMeterThread: Thread finished: simple-web-server-ThreadStarter 1-46
2023-06-02 02:44:55,806 INFO o.a.j.t.JMeterThread: Thread finished: simple-web-server-ThreadStarter 1-8
2023-06-02 02:44:55,802 INFO o.a.j.t.JMeterThread: Thread finished: simple-web-server-ThreadStarter 1-48
2023-06-02 02:44:55,806 INFO o.a.j.t.JMeterThread: Thread finished: simple-web-server-ThreadStarter 1-4
2023-06-02 02:44:55,806 INFO o.a.j.t.JMeterThread: Thread is done: simple-web-server-ThreadStarter 1-21
2023-06-02 02:44:55,806 INFO o.a.j.t.JMeterThread: Thread finished: simple-web-server-ThreadStarter 1-21
2023-06-02 02:44:55,806 INFO o.a.j.t.JMeterThread: Thread finished: simple-web-server-ThreadStarter 1-44
2023-06-02 02:44:55,806 INFO o.a.j.t.JMeterThread: Thread is done: simple-web-server-ThreadStarter 1-60
2023-06-02 02:44:55,801 INFO o.a.j.t.JMeterThread: Thread is done: simple-web-server-ThreadStarter 1-29
2023-06-02 02:44:55,806 INFO o.a.j.t.JMeterThread: Thread is done: simple-web-server-ThreadStarter 1-5
2023-06-02 02:44:55,806 INFO o.a.j.t.JMeterThread: Thread finished: simple-web-server-ThreadStarter 1-5
2023-06-02 02:44:55,801 INFO o.a.j.t.JMeterThread: Thread finished: simple-web-server-ThreadStarter 1-45
2023-06-02 02:44:55,806 INFO o.a.j.t.JMeterThread: Thread finished: simple-web-server-ThreadStarter 1-60
2023-06-02 02:44:55,806 INFO o.a.j.t.JMeterThread: Thread finished: simple-web-server-ThreadStarter 1-40
2023-06-02 02:44:55,807 INFO o.a.j.t.JMeterThread: Thread finished: simple-web-server-ThreadStarter 1-29
2023-06-02 02:44:55,805 INFO o.a.j.t.JMeterThread: Thread finished: simple-web-server-ThreadStarter 1-55
2023-06-02 02:44:55,811 INFO o.a.j.e.StandardJMeterEngine: Notifying test listeners of end of test
2023-06-02 02:44:55,813 INFO o.a.j.e.StandardJMeterEngine: Forced JVM shutdown requested at end of test
