2023-06-01 08:22:37,888 INFO o.a.j.u.JMeterUtils: Setting Locale to en_US
2023-06-01 08:22:37,929 INFO o.a.j.JMeter: Loading user properties from: /home/vagrant/.bzt/jmeter-taurus/5.4.3/bin/user.properties
2023-06-01 08:22:37,929 INFO o.a.j.JMeter: Loading system properties from: /home/vagrant/.bzt/jmeter-taurus/5.4.3/bin/system.properties
2023-06-01 08:22:37,930 INFO o.a.j.JMeter: Loading additional properties from: /home/vagrant/daniel/simple-web-server/2023-06-01_08-22-28.684186/jmeter-bzt.properties
2023-06-01 08:22:37,930 INFO o.a.j.JMeter: Setting System properties from file: /home/vagrant/daniel/simple-web-server/2023-06-01_08-22-28.684186/system.properties
2023-06-01 08:22:37,939 INFO o.a.j.JMeter: Copyright (c) 1998-2021 The Apache Software Foundation
2023-06-01 08:22:37,939 INFO o.a.j.JMeter: Version 5.4.3
2023-06-01 08:22:37,939 INFO o.a.j.JMeter: java.version=11.0.11
2023-06-01 08:22:37,939 INFO o.a.j.JMeter: java.vm.name=OpenJDK 64-Bit Server VM
2023-06-01 08:22:37,939 INFO o.a.j.JMeter: os.name=Linux
2023-06-01 08:22:37,939 INFO o.a.j.JMeter: os.arch=amd64
2023-06-01 08:22:37,939 INFO o.a.j.JMeter: os.version=5.4.0-80-generic
2023-06-01 08:22:37,939 INFO o.a.j.JMeter: file.encoding=UTF-8
2023-06-01 08:22:37,940 INFO o.a.j.JMeter: java.awt.headless=true
2023-06-01 08:22:37,940 INFO o.a.j.JMeter: Max memory     =5249171456
2023-06-01 08:22:37,940 INFO o.a.j.JMeter: Available Processors =6
2023-06-01 08:22:37,948 INFO o.a.j.JMeter: Default Locale=English (United States)
2023-06-01 08:22:37,949 INFO o.a.j.JMeter: JMeter  Locale=English (United States)
2023-06-01 08:22:37,949 INFO o.a.j.JMeter: JMeterHome=/home/vagrant/.bzt/jmeter-taurus/5.4.3
2023-06-01 08:22:37,949 INFO o.a.j.JMeter: user.dir  =/home/vagrant/daniel/simple-web-server
2023-06-01 08:22:37,949 INFO o.a.j.JMeter: PWD       =/home/vagrant/daniel/simple-web-server
2023-06-01 08:22:37,950 INFO o.a.j.JMeter: IP: 127.0.1.1 Name: vagrant FullName: vagrant.vm
2023-06-01 08:22:37,950 INFO o.a.j.JMeter: user.classpath=/home/vagrant/daniel/simple-web-server/2023-06-01_08-22-28.684186:/home/vagrant/daniel/simple-web-server/2023-06-01_08-22-28.684186
2023-06-01 08:22:37,950 INFO o.a.j.JMeter: Adding to classpath and loader: /home/vagrant/daniel/simple-web-server/2023-06-01_08-22-28.684186
2023-06-01 08:22:37,951 INFO o.a.j.JMeter: Adding to classpath and loader: /home/vagrant/daniel/simple-web-server/2023-06-01_08-22-28.684186
2023-06-01 08:22:37,959 INFO o.a.j.s.FileServer: Default base='/home/vagrant/daniel/simple-web-server'
2023-06-01 08:22:37,960 INFO o.a.j.s.FileServer: Set new base='/home/vagrant/daniel/simple-web-server/2023-06-01_08-22-28.684186'
2023-06-01 08:22:38,172 INFO o.a.j.s.SaveService: Testplan (JMX) version: 2.2. Testlog (JTL) version: 2.2
2023-06-01 08:22:38,209 INFO o.a.j.s.SaveService: Using SaveService properties version 5.0
2023-06-01 08:22:38,213 INFO o.a.j.s.SaveService: Using SaveService properties file encoding UTF-8
2023-06-01 08:22:38,216 INFO o.a.j.s.SaveService: Loading file: /home/vagrant/daniel/simple-web-server/2023-06-01_08-22-28.684186/modified_requests.jmx
2023-06-01 08:22:38,276 INFO o.a.j.p.h.c.CacheManager: Will only cache the following methods: [GET]
2023-06-01 08:22:38,278 INFO o.a.j.p.h.c.CookieManager: Settings: Delete null: true Check: true Allow variable: true Save: false Prefix: COOKIE_
2023-06-01 08:22:38,299 INFO o.a.j.p.h.s.HTTPSamplerBase: Parser for text/html is org.apache.jmeter.protocol.http.parser.LagartoBasedHtmlParser
2023-06-01 08:22:38,299 INFO o.a.j.p.h.s.HTTPSamplerBase: Parser for application/xhtml+xml is org.apache.jmeter.protocol.http.parser.LagartoBasedHtmlParser
2023-06-01 08:22:38,299 INFO o.a.j.p.h.s.HTTPSamplerBase: Parser for application/xml is org.apache.jmeter.protocol.http.parser.LagartoBasedHtmlParser
2023-06-01 08:22:38,299 INFO o.a.j.p.h.s.HTTPSamplerBase: Parser for text/xml is org.apache.jmeter.protocol.http.parser.LagartoBasedHtmlParser
2023-06-01 08:22:38,299 INFO o.a.j.p.h.s.HTTPSamplerBase: Parser for text/vnd.wap.wml is org.apache.jmeter.protocol.http.parser.RegexpHTMLParser
2023-06-01 08:22:38,299 INFO o.a.j.p.h.s.HTTPSamplerBase: Parser for text/css is org.apache.jmeter.protocol.http.parser.CssParser
2023-06-01 08:22:38,334 INFO o.a.j.e.StandardJMeterEngine: Running the test!
2023-06-01 08:22:38,335 INFO o.a.j.s.SampleEvent: List of sample_variables: []
2023-06-01 08:22:38,335 INFO o.a.j.s.SampleEvent: List of sample_variables: []
2023-06-01 08:22:38,358 INFO o.a.j.e.u.CompoundVariable: Note: Function class names must contain the string: '.functions.'
2023-06-01 08:22:38,358 INFO o.a.j.e.u.CompoundVariable: Note: Function class names must not contain the string: '.gui.'
2023-06-01 08:22:38,775 INFO o.a.j.JMeter: Running test (1685607758775)
2023-06-01 08:22:38,813 INFO o.a.j.e.StandardJMeterEngine: Starting ThreadGroup: 1 : simple-web-server
2023-06-01 08:22:38,814 INFO o.a.j.e.StandardJMeterEngine: Starting 60 threads for group simple-web-server.
2023-06-01 08:22:38,814 INFO o.a.j.e.StandardJMeterEngine: Thread will continue on error
2023-06-01 08:22:38,819 INFO o.a.j.e.StandardJMeterEngine: All thread groups have been started
2023-06-01 08:22:38,819 INFO c.b.j.t.c.ConcurrencyThreadStarter: Start supplying threads
2023-06-01 08:22:38,945 INFO o.a.j.s.SampleResult: Note: Sample TimeStamps are START times
2023-06-01 08:22:38,947 INFO o.a.j.t.JMeterThread: Thread started: simple-web-server-ThreadStarter 1-1
2023-06-01 08:22:38,949 INFO o.a.j.s.SampleResult: sampleresult.default.encoding is set to UTF-8
2023-06-01 08:22:38,949 INFO o.a.j.s.SampleResult: sampleresult.useNanoTime=true
2023-06-01 08:22:38,951 INFO o.a.j.s.SampleResult: sampleresult.nanoThreadSleep=5000
2023-06-01 08:22:38,995 INFO o.a.j.p.h.s.HTTPHCAbstractImpl: Local host = vagrant
2023-06-01 08:22:39,003 INFO o.a.j.p.h.s.HTTPHC4Impl: HTTP request retry count = 0
2023-06-01 08:22:39,115 INFO o.a.j.u.JsseSSLManager: Using default SSL protocol: TLS
2023-06-01 08:22:39,115 INFO o.a.j.u.JsseSSLManager: SSL session context: per-thread
2023-06-01 08:22:39,954 INFO o.a.j.t.JMeterThread: Thread started: simple-web-server-ThreadStarter 1-2
2023-06-01 08:22:39,955 INFO o.a.j.t.JMeterThread: Thread started: simple-web-server-ThreadStarter 1-3
2023-06-01 08:22:39,957 INFO o.a.j.t.JMeterThread: Thread started: simple-web-server-ThreadStarter 1-4
2023-06-01 08:22:39,957 INFO o.a.j.t.JMeterThread: Thread started: simple-web-server-ThreadStarter 1-5
2023-06-01 08:22:39,966 INFO o.a.j.t.JMeterThread: Thread started: simple-web-server-ThreadStarter 1-6
2023-06-01 08:22:39,974 INFO o.a.j.t.JMeterThread: Thread started: simple-web-server-ThreadStarter 1-7
2023-06-01 08:22:40,973 INFO o.a.j.t.JMeterThread: Thread started: simple-web-server-ThreadStarter 1-8
2023-06-01 08:22:40,989 INFO o.a.j.t.JMeterThread: Thread started: simple-web-server-ThreadStarter 1-9
2023-06-01 08:22:41,011 INFO o.a.j.t.JMeterThread: Thread started: simple-web-server-ThreadStarter 1-10
2023-06-01 08:22:41,019 INFO o.a.j.t.JMeterThread: Thread started: simple-web-server-ThreadStarter 1-11
2023-06-01 08:22:41,034 INFO o.a.j.t.JMeterThread: Thread started: simple-web-server-ThreadStarter 1-12
2023-06-01 08:22:41,058 INFO o.a.j.t.JMeterThread: Thread started: simple-web-server-ThreadStarter 1-13
2023-06-01 08:22:42,081 INFO o.a.j.t.JMeterThread: Thread started: simple-web-server-ThreadStarter 1-14
2023-06-01 08:22:42,093 INFO o.a.j.t.JMeterThread: Thread started: simple-web-server-ThreadStarter 1-15
2023-06-01 08:22:42,101 INFO o.a.j.t.JMeterThread: Thread started: simple-web-server-ThreadStarter 1-16
2023-06-01 08:22:42,119 INFO o.a.j.t.JMeterThread: Thread started: simple-web-server-ThreadStarter 1-17
2023-06-01 08:22:42,126 INFO o.a.j.t.JMeterThread: Thread started: simple-web-server-ThreadStarter 1-18
2023-06-01 08:22:42,145 INFO o.a.j.t.JMeterThread: Thread started: simple-web-server-ThreadStarter 1-19
2023-06-01 08:22:42,152 INFO o.a.j.t.JMeterThread: Thread started: simple-web-server-ThreadStarter 1-20
2023-06-01 08:22:43,191 INFO o.a.j.t.JMeterThread: Thread started: simple-web-server-ThreadStarter 1-21
2023-06-01 08:22:43,212 INFO o.a.j.t.JMeterThread: Thread started: simple-web-server-ThreadStarter 1-22
2023-06-01 08:22:43,234 INFO o.a.j.t.JMeterThread: Thread started: simple-web-server-ThreadStarter 1-23
2023-06-01 08:22:43,249 INFO o.a.j.t.JMeterThread: Thread started: simple-web-server-ThreadStarter 1-24
2023-06-01 08:22:43,267 INFO o.a.j.t.JMeterThread: Thread started: simple-web-server-ThreadStarter 1-25
2023-06-01 08:22:43,285 INFO o.a.j.t.JMeterThread: Thread started: simple-web-server-ThreadStarter 1-26
2023-06-01 08:22:43,319 INFO o.a.j.t.JMeterThread: Thread started: simple-web-server-ThreadStarter 1-27
2023-06-01 08:22:44,318 INFO o.a.j.t.JMeterThread: Thread started: simple-web-server-ThreadStarter 1-28
2023-06-01 08:22:44,336 INFO o.a.j.t.JMeterThread: Thread started: simple-web-server-ThreadStarter 1-29
2023-06-01 08:22:44,349 INFO o.a.j.t.JMeterThread: Thread started: simple-web-server-ThreadStarter 1-30
2023-06-01 08:22:44,365 INFO o.a.j.t.JMeterThread: Thread started: simple-web-server-ThreadStarter 1-31
2023-06-01 08:22:44,375 INFO o.a.j.t.JMeterThread: Thread started: simple-web-server-ThreadStarter 1-32
2023-06-01 08:22:44,398 INFO o.a.j.t.JMeterThread: Thread started: simple-web-server-ThreadStarter 1-33
2023-06-01 08:22:45,408 INFO o.a.j.t.JMeterThread: Thread started: simple-web-server-ThreadStarter 1-34
2023-06-01 08:22:45,424 INFO o.a.j.t.JMeterThread: Thread started: simple-web-server-ThreadStarter 1-35
2023-06-01 08:22:45,465 INFO o.a.j.t.JMeterThread: Thread started: simple-web-server-ThreadStarter 1-37
2023-06-01 08:22:45,465 INFO o.a.j.t.JMeterThread: Thread started: simple-web-server-ThreadStarter 1-36
2023-06-01 08:22:45,476 INFO o.a.j.t.JMeterThread: Thread started: simple-web-server-ThreadStarter 1-38
2023-06-01 08:22:45,493 INFO o.a.j.t.JMeterThread: Thread started: simple-web-server-ThreadStarter 1-39
2023-06-01 08:22:45,508 INFO o.a.j.t.JMeterThread: Thread started: simple-web-server-ThreadStarter 1-40
2023-06-01 08:22:46,523 INFO o.a.j.t.JMeterThread: Thread started: simple-web-server-ThreadStarter 1-41
2023-06-01 08:22:46,536 INFO o.a.j.t.JMeterThread: Thread started: simple-web-server-ThreadStarter 1-42
2023-06-01 08:22:46,561 INFO o.a.j.t.JMeterThread: Thread started: simple-web-server-ThreadStarter 1-43
2023-06-01 08:22:46,585 INFO o.a.j.t.JMeterThread: Thread started: simple-web-server-ThreadStarter 1-44
2023-06-01 08:22:46,603 INFO o.a.j.t.JMeterThread: Thread started: simple-web-server-ThreadStarter 1-45
2023-06-01 08:22:46,620 INFO o.a.j.t.JMeterThread: Thread started: simple-web-server-ThreadStarter 1-46
2023-06-01 08:22:46,646 INFO o.a.j.t.JMeterThread: Thread started: simple-web-server-ThreadStarter 1-47
2023-06-01 08:22:47,643 INFO o.a.j.t.JMeterThread: Thread started: simple-web-server-ThreadStarter 1-48
2023-06-01 08:22:47,644 INFO o.a.j.t.JMeterThread: Thread started: simple-web-server-ThreadStarter 1-49
2023-06-01 08:22:47,645 INFO o.a.j.t.JMeterThread: Thread started: simple-web-server-ThreadStarter 1-50
2023-06-01 08:22:47,646 INFO o.a.j.t.JMeterThread: Thread started: simple-web-server-ThreadStarter 1-51
2023-06-01 08:22:47,649 INFO o.a.j.t.JMeterThread: Thread started: simple-web-server-ThreadStarter 1-52
2023-06-01 08:22:47,656 INFO o.a.j.t.JMeterThread: Thread started: simple-web-server-ThreadStarter 1-53
2023-06-01 08:22:48,657 INFO o.a.j.t.JMeterThread: Thread started: simple-web-server-ThreadStarter 1-54
2023-06-01 08:22:48,658 INFO o.a.j.t.JMeterThread: Thread started: simple-web-server-ThreadStarter 1-55
2023-06-01 08:22:48,659 INFO o.a.j.t.JMeterThread: Thread started: simple-web-server-ThreadStarter 1-56
2023-06-01 08:22:48,665 INFO o.a.j.t.JMeterThread: Thread started: simple-web-server-ThreadStarter 1-58
2023-06-01 08:22:48,667 INFO o.a.j.t.JMeterThread: Thread started: simple-web-server-ThreadStarter 1-59
2023-06-01 08:22:48,668 INFO o.a.j.t.JMeterThread: Thread started: simple-web-server-ThreadStarter 1-57
2023-06-01 08:22:49,671 INFO o.a.j.t.JMeterThread: Thread started: simple-web-server-ThreadStarter 1-60
2023-06-01 08:23:49,730 INFO c.b.j.t.c.ConcurrencyThreadStarter: Done supplying threads
2023-06-01 08:23:49,732 INFO o.a.j.t.JMeterThread: Thread is done: simple-web-server-ThreadStarter 1-5
2023-06-01 08:23:49,732 INFO o.a.j.t.JMeterThread: Thread finished: simple-web-server-ThreadStarter 1-5
2023-06-01 08:23:49,734 INFO o.a.j.t.JMeterThread: Thread is done: simple-web-server-ThreadStarter 1-4
2023-06-01 08:23:49,734 INFO o.a.j.t.JMeterThread: Thread finished: simple-web-server-ThreadStarter 1-4
2023-06-01 08:23:49,735 INFO o.a.j.t.JMeterThread: Thread is done: simple-web-server-ThreadStarter 1-51
2023-06-01 08:23:49,736 INFO o.a.j.t.JMeterThread: Thread finished: simple-web-server-ThreadStarter 1-51
2023-06-01 08:23:49,736 INFO o.a.j.t.JMeterThread: Thread is done: simple-web-server-ThreadStarter 1-8
2023-06-01 08:23:49,736 INFO o.a.j.t.JMeterThread: Thread finished: simple-web-server-ThreadStarter 1-8
2023-06-01 08:23:49,737 INFO o.a.j.t.JMeterThread: Thread is done: simple-web-server-ThreadStarter 1-50
2023-06-01 08:23:49,737 INFO o.a.j.t.JMeterThread: Thread finished: simple-web-server-ThreadStarter 1-50
2023-06-01 08:23:49,738 INFO o.a.j.t.JMeterThread: Thread is done: simple-web-server-ThreadStarter 1-13
2023-06-01 08:23:49,738 INFO o.a.j.t.JMeterThread: Thread finished: simple-web-server-ThreadStarter 1-13
2023-06-01 08:23:49,740 INFO o.a.j.t.JMeterThread: Thread is done: simple-web-server-ThreadStarter 1-12
2023-06-01 08:23:49,740 INFO o.a.j.t.JMeterThread: Thread finished: simple-web-server-ThreadStarter 1-12
2023-06-01 08:23:49,741 INFO o.a.j.t.JMeterThread: Thread is done: simple-web-server-ThreadStarter 1-55
2023-06-01 08:23:49,741 INFO o.a.j.t.JMeterThread: Thread finished: simple-web-server-ThreadStarter 1-55
2023-06-01 08:23:49,742 INFO o.a.j.t.JMeterThread: Thread is done: simple-web-server-ThreadStarter 1-28
2023-06-01 08:23:49,742 INFO o.a.j.t.JMeterThread: Thread finished: simple-web-server-ThreadStarter 1-28
2023-06-01 08:23:49,743 INFO o.a.j.t.JMeterThread: Thread is done: simple-web-server-ThreadStarter 1-6
2023-06-01 08:23:49,744 INFO o.a.j.t.JMeterThread: Thread finished: simple-web-server-ThreadStarter 1-6
2023-06-01 08:23:49,745 INFO o.a.j.t.JMeterThread: Thread is done: simple-web-server-ThreadStarter 1-14
2023-06-01 08:23:49,745 INFO o.a.j.t.JMeterThread: Thread finished: simple-web-server-ThreadStarter 1-14
2023-06-01 08:23:49,747 INFO o.a.j.t.JMeterThread: Thread is done: simple-web-server-ThreadStarter 1-7
2023-06-01 08:23:49,747 INFO o.a.j.t.JMeterThread: Thread finished: simple-web-server-ThreadStarter 1-7
2023-06-01 08:23:49,747 INFO o.a.j.t.JMeterThread: Thread is done: simple-web-server-ThreadStarter 1-54
2023-06-01 08:23:49,748 INFO o.a.j.t.JMeterThread: Thread finished: simple-web-server-ThreadStarter 1-54
2023-06-01 08:23:49,748 INFO o.a.j.t.JMeterThread: Thread is done: simple-web-server-ThreadStarter 1-23
2023-06-01 08:23:49,748 INFO o.a.j.t.JMeterThread: Thread finished: simple-web-server-ThreadStarter 1-23
2023-06-01 08:23:49,750 INFO o.a.j.t.JMeterThread: Thread is done: simple-web-server-ThreadStarter 1-35
2023-06-01 08:23:49,750 INFO o.a.j.t.JMeterThread: Thread finished: simple-web-server-ThreadStarter 1-35
2023-06-01 08:23:49,752 INFO o.a.j.t.JMeterThread: Thread is done: simple-web-server-ThreadStarter 1-25
2023-06-01 08:23:49,752 INFO o.a.j.t.JMeterThread: Thread finished: simple-web-server-ThreadStarter 1-25
2023-06-01 08:23:49,754 INFO o.a.j.t.JMeterThread: Thread is done: simple-web-server-ThreadStarter 1-60
2023-06-01 08:23:49,754 INFO o.a.j.t.JMeterThread: Thread finished: simple-web-server-ThreadStarter 1-60
2023-06-01 08:23:49,755 INFO o.a.j.t.JMeterThread: Thread is done: simple-web-server-ThreadStarter 1-41
2023-06-01 08:23:49,755 INFO o.a.j.t.JMeterThread: Thread finished: simple-web-server-ThreadStarter 1-41
2023-06-01 08:23:49,757 INFO o.a.j.t.JMeterThread: Thread is done: simple-web-server-ThreadStarter 1-15
2023-06-01 08:23:49,757 INFO o.a.j.t.JMeterThread: Thread finished: simple-web-server-ThreadStarter 1-15
2023-06-01 08:23:49,759 INFO o.a.j.t.JMeterThread: Thread is done: simple-web-server-ThreadStarter 1-24
2023-06-01 08:23:49,759 INFO o.a.j.t.JMeterThread: Thread finished: simple-web-server-ThreadStarter 1-24
2023-06-01 08:23:49,761 INFO o.a.j.t.JMeterThread: Thread is done: simple-web-server-ThreadStarter 1-40
2023-06-01 08:23:49,761 INFO o.a.j.t.JMeterThread: Thread finished: simple-web-server-ThreadStarter 1-40
2023-06-01 08:23:49,763 INFO o.a.j.t.JMeterThread: Thread is done: simple-web-server-ThreadStarter 1-3
2023-06-01 08:23:49,763 INFO o.a.j.t.JMeterThread: Thread finished: simple-web-server-ThreadStarter 1-3
2023-06-01 08:23:49,763 INFO o.a.j.t.JMeterThread: Thread is done: simple-web-server-ThreadStarter 1-18
2023-06-01 08:23:49,764 INFO o.a.j.t.JMeterThread: Thread finished: simple-web-server-ThreadStarter 1-18
2023-06-01 08:23:49,765 INFO o.a.j.t.JMeterThread: Thread is done: simple-web-server-ThreadStarter 1-44
2023-06-01 08:23:49,765 INFO o.a.j.t.JMeterThread: Thread finished: simple-web-server-ThreadStarter 1-44
2023-06-01 08:23:49,767 INFO o.a.j.t.JMeterThread: Thread is done: simple-web-server-ThreadStarter 1-47
2023-06-01 08:23:49,767 INFO o.a.j.t.JMeterThread: Thread finished: simple-web-server-ThreadStarter 1-47
2023-06-01 08:23:49,770 INFO o.a.j.t.JMeterThread: Thread is done: simple-web-server-ThreadStarter 1-39
2023-06-01 08:23:49,770 INFO o.a.j.t.JMeterThread: Thread finished: simple-web-server-ThreadStarter 1-39
2023-06-01 08:23:49,770 INFO o.a.j.t.JMeterThread: Thread is done: simple-web-server-ThreadStarter 1-58
2023-06-01 08:23:49,771 INFO o.a.j.t.JMeterThread: Thread finished: simple-web-server-ThreadStarter 1-58
2023-06-01 08:23:49,771 INFO o.a.j.t.JMeterThread: Thread is done: simple-web-server-ThreadStarter 1-32
2023-06-01 08:23:49,771 INFO o.a.j.t.JMeterThread: Thread finished: simple-web-server-ThreadStarter 1-32
2023-06-01 08:23:49,772 INFO o.a.j.t.JMeterThread: Thread is done: simple-web-server-ThreadStarter 1-37
2023-06-01 08:23:49,772 INFO o.a.j.t.JMeterThread: Thread finished: simple-web-server-ThreadStarter 1-37
2023-06-01 08:23:49,773 INFO o.a.j.t.JMeterThread: Thread is done: simple-web-server-ThreadStarter 1-33
2023-06-01 08:23:49,773 INFO o.a.j.t.JMeterThread: Thread finished: simple-web-server-ThreadStarter 1-33
2023-06-01 08:23:49,776 INFO o.a.j.t.JMeterThread: Thread is done: simple-web-server-ThreadStarter 1-16
2023-06-01 08:23:49,776 INFO o.a.j.t.JMeterThread: Thread finished: simple-web-server-ThreadStarter 1-16
2023-06-01 08:23:49,777 INFO o.a.j.t.JMeterThread: Thread is done: simple-web-server-ThreadStarter 1-11
2023-06-01 08:23:49,777 INFO o.a.j.t.JMeterThread: Thread finished: simple-web-server-ThreadStarter 1-11
2023-06-01 08:23:49,780 INFO o.a.j.t.JMeterThread: Thread is done: simple-web-server-ThreadStarter 1-46
2023-06-01 08:23:49,780 INFO o.a.j.t.JMeterThread: Thread finished: simple-web-server-ThreadStarter 1-46
2023-06-01 08:23:49,780 INFO o.a.j.t.JMeterThread: Thread is done: simple-web-server-ThreadStarter 1-21
2023-06-01 08:23:49,781 INFO o.a.j.t.JMeterThread: Thread finished: simple-web-server-ThreadStarter 1-21
2023-06-01 08:23:49,784 INFO o.a.j.t.JMeterThread: Thread is done: simple-web-server-ThreadStarter 1-56
2023-06-01 08:23:49,784 INFO o.a.j.t.JMeterThread: Thread finished: simple-web-server-ThreadStarter 1-56
2023-06-01 08:23:49,785 INFO o.a.j.t.JMeterThread: Thread is done: simple-web-server-ThreadStarter 1-38
2023-06-01 08:23:49,785 INFO o.a.j.t.JMeterThread: Thread finished: simple-web-server-ThreadStarter 1-38
2023-06-01 08:23:49,786 INFO o.a.j.t.JMeterThread: Thread is done: simple-web-server-ThreadStarter 1-1
2023-06-01 08:23:49,786 INFO o.a.j.t.JMeterThread: Thread finished: simple-web-server-ThreadStarter 1-1
2023-06-01 08:23:49,788 INFO o.a.j.t.JMeterThread: Thread is done: simple-web-server-ThreadStarter 1-36
2023-06-01 08:23:49,788 INFO o.a.j.t.JMeterThread: Thread finished: simple-web-server-ThreadStarter 1-36
2023-06-01 08:23:49,790 INFO o.a.j.t.JMeterThread: Thread is done: simple-web-server-ThreadStarter 1-29
2023-06-01 08:23:49,790 INFO o.a.j.t.JMeterThread: Thread finished: simple-web-server-ThreadStarter 1-29
2023-06-01 08:23:49,792 INFO o.a.j.t.JMeterThread: Thread is done: simple-web-server-ThreadStarter 1-9
2023-06-01 08:23:49,792 INFO o.a.j.t.JMeterThread: Thread finished: simple-web-server-ThreadStarter 1-9
2023-06-01 08:23:49,792 INFO o.a.j.t.JMeterThread: Thread is done: simple-web-server-ThreadStarter 1-17
2023-06-01 08:23:49,792 INFO o.a.j.t.JMeterThread: Thread finished: simple-web-server-ThreadStarter 1-17
2023-06-01 08:23:49,793 INFO o.a.j.t.JMeterThread: Thread is done: simple-web-server-ThreadStarter 1-57
2023-06-01 08:23:49,793 INFO o.a.j.t.JMeterThread: Thread finished: simple-web-server-ThreadStarter 1-57
2023-06-01 08:23:49,795 INFO o.a.j.t.JMeterThread: Thread is done: simple-web-server-ThreadStarter 1-43
2023-06-01 08:23:49,795 INFO o.a.j.t.JMeterThread: Thread finished: simple-web-server-ThreadStarter 1-43
2023-06-01 08:23:49,796 INFO o.a.j.t.JMeterThread: Thread is done: simple-web-server-ThreadStarter 1-49
2023-06-01 08:23:49,796 INFO o.a.j.t.JMeterThread: Thread finished: simple-web-server-ThreadStarter 1-49
2023-06-01 08:23:49,797 INFO o.a.j.t.JMeterThread: Thread is done: simple-web-server-ThreadStarter 1-48
2023-06-01 08:23:49,797 INFO o.a.j.t.JMeterThread: Thread finished: simple-web-server-ThreadStarter 1-48
2023-06-01 08:23:49,798 INFO o.a.j.t.JMeterThread: Thread is done: simple-web-server-ThreadStarter 1-52
2023-06-01 08:23:49,799 INFO o.a.j.t.JMeterThread: Thread finished: simple-web-server-ThreadStarter 1-52
2023-06-01 08:23:49,800 INFO o.a.j.t.JMeterThread: Thread is done: simple-web-server-ThreadStarter 1-26
2023-06-01 08:23:49,800 INFO o.a.j.t.JMeterThread: Thread finished: simple-web-server-ThreadStarter 1-26
2023-06-01 08:23:49,801 INFO o.a.j.t.JMeterThread: Thread is done: simple-web-server-ThreadStarter 1-10
2023-06-01 08:23:49,801 INFO o.a.j.t.JMeterThread: Thread finished: simple-web-server-ThreadStarter 1-10
2023-06-01 08:23:49,803 INFO o.a.j.t.JMeterThread: Thread is done: simple-web-server-ThreadStarter 1-30
2023-06-01 08:23:49,803 INFO o.a.j.t.JMeterThread: Thread finished: simple-web-server-ThreadStarter 1-30
2023-06-01 08:23:49,806 INFO o.a.j.t.JMeterThread: Thread is done: simple-web-server-ThreadStarter 1-19
2023-06-01 08:23:49,806 INFO o.a.j.t.JMeterThread: Thread finished: simple-web-server-ThreadStarter 1-19
2023-06-01 08:23:49,806 INFO o.a.j.t.JMeterThread: Thread is done: simple-web-server-ThreadStarter 1-34
2023-06-01 08:23:49,806 INFO o.a.j.t.JMeterThread: Thread finished: simple-web-server-ThreadStarter 1-34
2023-06-01 08:23:50,227 INFO o.a.j.t.JMeterThread: Thread is done: simple-web-server-ThreadStarter 1-42
2023-06-01 08:23:50,228 INFO o.a.j.t.JMeterThread: Thread finished: simple-web-server-ThreadStarter 1-42
2023-06-01 08:23:50,326 INFO o.a.j.t.JMeterThread: Thread is done: simple-web-server-ThreadStarter 1-27
2023-06-01 08:23:50,326 INFO o.a.j.t.JMeterThread: Thread finished: simple-web-server-ThreadStarter 1-27
2023-06-01 08:23:50,547 INFO o.a.j.t.JMeterThread: Thread is done: simple-web-server-ThreadStarter 1-31
2023-06-01 08:23:50,547 INFO o.a.j.t.JMeterThread: Thread finished: simple-web-server-ThreadStarter 1-31
2023-06-01 08:23:50,577 INFO o.a.j.t.JMeterThread: Thread is done: simple-web-server-ThreadStarter 1-2
2023-06-01 08:23:50,577 INFO o.a.j.t.JMeterThread: Thread finished: simple-web-server-ThreadStarter 1-2
2023-06-01 08:23:51,729 INFO o.a.j.t.JMeterThread: Thread is done: simple-web-server-ThreadStarter 1-45
2023-06-01 08:23:51,729 INFO o.a.j.t.JMeterThread: Thread finished: simple-web-server-ThreadStarter 1-45
2023-06-01 08:23:55,697 INFO o.a.j.t.JMeterThread: Thread is done: simple-web-server-ThreadStarter 1-59
2023-06-01 08:23:55,697 INFO o.a.j.t.JMeterThread: Thread finished: simple-web-server-ThreadStarter 1-59
2023-06-01 08:23:56,733 INFO o.a.j.t.JMeterThread: Thread is done: simple-web-server-ThreadStarter 1-53
2023-06-01 08:23:56,733 INFO o.a.j.t.JMeterThread: Thread finished: simple-web-server-ThreadStarter 1-53
2023-06-01 08:24:00,011 INFO o.a.j.t.JMeterThread: Thread is done: simple-web-server-ThreadStarter 1-22
2023-06-01 08:24:00,011 INFO o.a.j.t.JMeterThread: Thread finished: simple-web-server-ThreadStarter 1-22
2023-06-01 08:24:00,333 INFO o.a.j.t.JMeterThread: Thread is done: simple-web-server-ThreadStarter 1-20
2023-06-01 08:24:00,333 INFO o.a.j.t.JMeterThread: Thread finished: simple-web-server-ThreadStarter 1-20
2023-06-01 08:24:00,333 INFO o.a.j.e.StandardJMeterEngine: Notifying test listeners of end of test
2023-06-01 08:24:00,334 INFO o.a.j.e.StandardJMeterEngine: Forced JVM shutdown requested at end of test
