2023-06-02 03:24:09,778 INFO o.a.j.u.JMeterUtils: Setting Locale to en_US
2023-06-02 03:24:09,827 INFO o.a.j.JMeter: Loading user properties from: /home/vagrant/.bzt/jmeter-taurus/5.4.3/bin/user.properties
2023-06-02 03:24:09,828 INFO o.a.j.JMeter: Loading system properties from: /home/vagrant/.bzt/jmeter-taurus/5.4.3/bin/system.properties
2023-06-02 03:24:09,828 INFO o.a.j.JMeter: Loading additional properties from: /home/vagrant/daniel/simple-web-server/2023-06-02_03-23-54.521905/jmeter-bzt.properties
2023-06-02 03:24:09,828 INFO o.a.j.JMeter: Setting System properties from file: /home/vagrant/daniel/simple-web-server/2023-06-02_03-23-54.521905/system.properties
2023-06-02 03:24:09,837 INFO o.a.j.JMeter: Copyright (c) 1998-2021 The Apache Software Foundation
2023-06-02 03:24:09,838 INFO o.a.j.JMeter: Version 5.4.3
2023-06-02 03:24:09,838 INFO o.a.j.JMeter: java.version=11.0.11
2023-06-02 03:24:09,838 INFO o.a.j.JMeter: java.vm.name=OpenJDK 64-Bit Server VM
2023-06-02 03:24:09,838 INFO o.a.j.JMeter: os.name=Linux
2023-06-02 03:24:09,838 INFO o.a.j.JMeter: os.arch=amd64
2023-06-02 03:24:09,838 INFO o.a.j.JMeter: os.version=5.4.0-80-generic
2023-06-02 03:24:09,838 INFO o.a.j.JMeter: file.encoding=UTF-8
2023-06-02 03:24:09,838 INFO o.a.j.JMeter: java.awt.headless=true
2023-06-02 03:24:09,838 INFO o.a.j.JMeter: Max memory     =5249171456
2023-06-02 03:24:09,839 INFO o.a.j.JMeter: Available Processors =6
2023-06-02 03:24:09,852 INFO o.a.j.JMeter: Default Locale=English (United States)
2023-06-02 03:24:09,852 INFO o.a.j.JMeter: JMeter  Locale=English (United States)
2023-06-02 03:24:09,852 INFO o.a.j.JMeter: JMeterHome=/home/vagrant/.bzt/jmeter-taurus/5.4.3
2023-06-02 03:24:09,852 INFO o.a.j.JMeter: user.dir  =/home/vagrant/daniel/simple-web-server
2023-06-02 03:24:09,852 INFO o.a.j.JMeter: PWD       =/home/vagrant/daniel/simple-web-server
2023-06-02 03:24:09,853 INFO o.a.j.JMeter: IP: 127.0.1.1 Name: vagrant FullName: vagrant.vm
2023-06-02 03:24:09,853 INFO o.a.j.JMeter: user.classpath=/home/vagrant/daniel/simple-web-server/2023-06-02_03-23-54.521905:/home/vagrant/daniel/simple-web-server/2023-06-02_03-23-54.521905
2023-06-02 03:24:09,856 INFO o.a.j.JMeter: Adding to classpath and loader: /home/vagrant/daniel/simple-web-server/2023-06-02_03-23-54.521905
2023-06-02 03:24:09,858 INFO o.a.j.JMeter: Adding to classpath and loader: /home/vagrant/daniel/simple-web-server/2023-06-02_03-23-54.521905
2023-06-02 03:24:09,869 INFO o.a.j.s.FileServer: Default base='/home/vagrant/daniel/simple-web-server'
2023-06-02 03:24:09,870 INFO o.a.j.s.FileServer: Set new base='/home/vagrant/daniel/simple-web-server/2023-06-02_03-23-54.521905'
2023-06-02 03:24:10,221 INFO o.a.j.s.SaveService: Testplan (JMX) version: 2.2. Testlog (JTL) version: 2.2
2023-06-02 03:24:10,271 INFO o.a.j.s.SaveService: Using SaveService properties version 5.0
2023-06-02 03:24:10,275 INFO o.a.j.s.SaveService: Using SaveService properties file encoding UTF-8
2023-06-02 03:24:10,280 INFO o.a.j.s.SaveService: Loading file: /home/vagrant/daniel/simple-web-server/2023-06-02_03-23-54.521905/modified_requests.jmx
2023-06-02 03:24:10,394 INFO o.a.j.p.h.c.CacheManager: Will only cache the following methods: [GET]
2023-06-02 03:24:10,398 INFO o.a.j.p.h.c.CookieManager: Settings: Delete null: true Check: true Allow variable: true Save: false Prefix: COOKIE_
2023-06-02 03:24:10,451 INFO o.a.j.p.h.s.HTTPSamplerBase: Parser for text/html is org.apache.jmeter.protocol.http.parser.LagartoBasedHtmlParser
2023-06-02 03:24:10,452 INFO o.a.j.p.h.s.HTTPSamplerBase: Parser for application/xhtml+xml is org.apache.jmeter.protocol.http.parser.LagartoBasedHtmlParser
2023-06-02 03:24:10,452 INFO o.a.j.p.h.s.HTTPSamplerBase: Parser for application/xml is org.apache.jmeter.protocol.http.parser.LagartoBasedHtmlParser
2023-06-02 03:24:10,452 INFO o.a.j.p.h.s.HTTPSamplerBase: Parser for text/xml is org.apache.jmeter.protocol.http.parser.LagartoBasedHtmlParser
2023-06-02 03:24:10,452 INFO o.a.j.p.h.s.HTTPSamplerBase: Parser for text/vnd.wap.wml is org.apache.jmeter.protocol.http.parser.RegexpHTMLParser
2023-06-02 03:24:10,453 INFO o.a.j.p.h.s.HTTPSamplerBase: Parser for text/css is org.apache.jmeter.protocol.http.parser.CssParser
2023-06-02 03:24:10,570 INFO o.a.j.e.StandardJMeterEngine: Running the test!
2023-06-02 03:24:10,587 INFO o.a.j.s.SampleEvent: List of sample_variables: []
2023-06-02 03:24:10,587 INFO o.a.j.s.SampleEvent: List of sample_variables: []
2023-06-02 03:24:10,605 INFO o.a.j.e.u.CompoundVariable: Note: Function class names must contain the string: '.functions.'
2023-06-02 03:24:10,605 INFO o.a.j.e.u.CompoundVariable: Note: Function class names must not contain the string: '.gui.'
2023-06-02 03:24:11,907 INFO o.a.j.JMeter: Running test (1685676251906)
2023-06-02 03:24:11,992 INFO o.a.j.e.StandardJMeterEngine: Starting ThreadGroup: 1 : simple-web-server
2023-06-02 03:24:11,992 INFO o.a.j.e.StandardJMeterEngine: Starting 60 threads for group simple-web-server.
2023-06-02 03:24:11,992 INFO o.a.j.e.StandardJMeterEngine: Thread will continue on error
2023-06-02 03:24:12,003 INFO o.a.j.e.StandardJMeterEngine: All thread groups have been started
2023-06-02 03:24:12,004 INFO c.b.j.t.c.ConcurrencyThreadStarter: Start supplying threads
2023-06-02 03:24:12,114 INFO o.a.j.s.SampleResult: Note: Sample TimeStamps are START times
2023-06-02 03:24:12,114 INFO o.a.j.s.SampleResult: sampleresult.default.encoding is set to UTF-8
2023-06-02 03:24:12,114 INFO o.a.j.s.SampleResult: sampleresult.useNanoTime=true
2023-06-02 03:24:12,114 INFO o.a.j.s.SampleResult: sampleresult.nanoThreadSleep=5000
2023-06-02 03:24:12,128 INFO o.a.j.t.JMeterThread: Thread started: simple-web-server-ThreadStarter 1-1
2023-06-02 03:24:12,166 INFO o.a.j.p.h.s.HTTPHCAbstractImpl: Local host = vagrant
2023-06-02 03:24:12,184 INFO o.a.j.p.h.s.HTTPHC4Impl: HTTP request retry count = 0
2023-06-02 03:24:12,342 INFO o.a.j.u.JsseSSLManager: Using default SSL protocol: TLS
2023-06-02 03:24:12,343 INFO o.a.j.u.JsseSSLManager: SSL session context: per-thread
2023-06-02 03:24:13,201 INFO o.a.j.t.JMeterThread: Thread started: simple-web-server-ThreadStarter 1-7
2023-06-02 03:24:13,201 INFO o.a.j.t.JMeterThread: Thread started: simple-web-server-ThreadStarter 1-6
2023-06-02 03:24:13,201 INFO o.a.j.t.JMeterThread: Thread started: simple-web-server-ThreadStarter 1-4
2023-06-02 03:24:13,205 INFO o.a.j.t.JMeterThread: Thread started: simple-web-server-ThreadStarter 1-3
2023-06-02 03:24:13,206 INFO o.a.j.t.JMeterThread: Thread started: simple-web-server-ThreadStarter 1-5
2023-06-02 03:24:13,206 INFO o.a.j.t.JMeterThread: Thread started: simple-web-server-ThreadStarter 1-2
2023-06-02 03:24:14,203 INFO o.a.j.t.JMeterThread: Thread started: simple-web-server-ThreadStarter 1-8
2023-06-02 03:24:14,226 INFO o.a.j.t.JMeterThread: Thread started: simple-web-server-ThreadStarter 1-9
2023-06-02 03:24:14,238 INFO o.a.j.t.JMeterThread: Thread started: simple-web-server-ThreadStarter 1-12
2023-06-02 03:24:14,245 INFO o.a.j.t.JMeterThread: Thread started: simple-web-server-ThreadStarter 1-13
2023-06-02 03:24:14,247 INFO o.a.j.t.JMeterThread: Thread started: simple-web-server-ThreadStarter 1-11
2023-06-02 03:24:14,258 INFO o.a.j.t.JMeterThread: Thread started: simple-web-server-ThreadStarter 1-10
2023-06-02 03:24:15,252 INFO o.a.j.t.JMeterThread: Thread started: simple-web-server-ThreadStarter 1-14
2023-06-02 03:24:15,266 INFO o.a.j.t.JMeterThread: Thread started: simple-web-server-ThreadStarter 1-15
2023-06-02 03:24:15,279 INFO o.a.j.t.JMeterThread: Thread started: simple-web-server-ThreadStarter 1-16
2023-06-02 03:24:15,281 INFO o.a.j.t.JMeterThread: Thread started: simple-web-server-ThreadStarter 1-17
2023-06-02 03:24:15,305 INFO o.a.j.t.JMeterThread: Thread started: simple-web-server-ThreadStarter 1-18
2023-06-02 03:24:15,340 INFO o.a.j.t.JMeterThread: Thread started: simple-web-server-ThreadStarter 1-19
2023-06-02 03:24:15,384 INFO o.a.j.t.JMeterThread: Thread started: simple-web-server-ThreadStarter 1-20
2023-06-02 03:24:16,409 INFO o.a.j.t.JMeterThread: Thread started: simple-web-server-ThreadStarter 1-21
2023-06-02 03:24:16,413 INFO o.a.j.t.JMeterThread: Thread started: simple-web-server-ThreadStarter 1-22
2023-06-02 03:24:16,439 INFO o.a.j.t.JMeterThread: Thread started: simple-web-server-ThreadStarter 1-23
2023-06-02 03:24:16,451 INFO o.a.j.t.JMeterThread: Thread started: simple-web-server-ThreadStarter 1-24
2023-06-02 03:24:16,458 INFO o.a.j.t.JMeterThread: Thread started: simple-web-server-ThreadStarter 1-25
2023-06-02 03:24:16,472 INFO o.a.j.t.JMeterThread: Thread started: simple-web-server-ThreadStarter 1-26
2023-06-02 03:24:16,480 INFO o.a.j.t.JMeterThread: Thread started: simple-web-server-ThreadStarter 1-27
2023-06-02 03:24:17,503 INFO o.a.j.t.JMeterThread: Thread started: simple-web-server-ThreadStarter 1-28
2023-06-02 03:24:17,514 INFO o.a.j.t.JMeterThread: Thread started: simple-web-server-ThreadStarter 1-29
2023-06-02 03:24:17,522 INFO o.a.j.t.JMeterThread: Thread started: simple-web-server-ThreadStarter 1-30
2023-06-02 03:24:17,539 INFO o.a.j.t.JMeterThread: Thread started: simple-web-server-ThreadStarter 1-31
2023-06-02 03:24:17,549 INFO o.a.j.t.JMeterThread: Thread started: simple-web-server-ThreadStarter 1-32
2023-06-02 03:24:17,567 INFO o.a.j.t.JMeterThread: Thread started: simple-web-server-ThreadStarter 1-33
2023-06-02 03:24:18,597 INFO o.a.j.t.JMeterThread: Thread started: simple-web-server-ThreadStarter 1-34
2023-06-02 03:24:18,609 INFO o.a.j.t.JMeterThread: Thread started: simple-web-server-ThreadStarter 1-35
2023-06-02 03:24:18,620 INFO o.a.j.t.JMeterThread: Thread started: simple-web-server-ThreadStarter 1-36
2023-06-02 03:24:18,630 INFO o.a.j.t.JMeterThread: Thread started: simple-web-server-ThreadStarter 1-37
2023-06-02 03:24:18,637 INFO o.a.j.t.JMeterThread: Thread started: simple-web-server-ThreadStarter 1-38
2023-06-02 03:24:18,647 INFO o.a.j.t.JMeterThread: Thread started: simple-web-server-ThreadStarter 1-39
2023-06-02 03:24:18,671 INFO o.a.j.t.JMeterThread: Thread started: simple-web-server-ThreadStarter 1-40
2023-06-02 03:24:19,677 INFO o.a.j.t.JMeterThread: Thread started: simple-web-server-ThreadStarter 1-41
2023-06-02 03:24:19,691 INFO o.a.j.t.JMeterThread: Thread started: simple-web-server-ThreadStarter 1-42
2023-06-02 03:24:19,710 INFO o.a.j.t.JMeterThread: Thread started: simple-web-server-ThreadStarter 1-43
2023-06-02 03:24:19,719 INFO o.a.j.t.JMeterThread: Thread started: simple-web-server-ThreadStarter 1-44
2023-06-02 03:24:19,726 INFO o.a.j.t.JMeterThread: Thread started: simple-web-server-ThreadStarter 1-45
2023-06-02 03:24:19,739 INFO o.a.j.t.JMeterThread: Thread started: simple-web-server-ThreadStarter 1-46
2023-06-02 03:24:20,754 INFO o.a.j.t.JMeterThread: Thread started: simple-web-server-ThreadStarter 1-47
2023-06-02 03:24:20,763 INFO o.a.j.t.JMeterThread: Thread started: simple-web-server-ThreadStarter 1-48
2023-06-02 03:24:20,779 INFO o.a.j.t.JMeterThread: Thread started: simple-web-server-ThreadStarter 1-49
2023-06-02 03:24:20,849 INFO o.a.j.t.JMeterThread: Thread started: simple-web-server-ThreadStarter 1-51
2023-06-02 03:24:20,887 INFO o.a.j.t.JMeterThread: Thread started: simple-web-server-ThreadStarter 1-52
2023-06-02 03:24:20,906 INFO o.a.j.t.JMeterThread: Thread started: simple-web-server-ThreadStarter 1-50
2023-06-02 03:24:20,904 INFO o.a.j.t.JMeterThread: Thread started: simple-web-server-ThreadStarter 1-53
2023-06-02 03:24:21,916 INFO o.a.j.t.JMeterThread: Thread started: simple-web-server-ThreadStarter 1-54
2023-06-02 03:24:21,928 INFO o.a.j.t.JMeterThread: Thread started: simple-web-server-ThreadStarter 1-55
2023-06-02 03:24:21,947 INFO o.a.j.t.JMeterThread: Thread started: simple-web-server-ThreadStarter 1-56
2023-06-02 03:24:21,948 INFO o.a.j.t.JMeterThread: Thread started: simple-web-server-ThreadStarter 1-57
2023-06-02 03:24:21,959 INFO o.a.j.t.JMeterThread: Thread started: simple-web-server-ThreadStarter 1-58
2023-06-02 03:24:21,969 INFO o.a.j.t.JMeterThread: Thread started: simple-web-server-ThreadStarter 1-59
2023-06-02 03:24:21,983 INFO o.a.j.t.JMeterThread: Thread started: simple-web-server-ThreadStarter 1-60
2023-06-02 03:25:22,018 INFO c.b.j.t.c.ConcurrencyThreadStarter: Done supplying threads
2023-06-02 03:25:34,881 INFO o.a.j.t.JMeterThread: Thread is done: simple-web-server-ThreadStarter 1-22
2023-06-02 03:25:34,881 INFO o.a.j.t.JMeterThread: Thread finished: simple-web-server-ThreadStarter 1-22
2023-06-02 03:25:34,882 INFO o.a.j.t.JMeterThread: Thread is done: simple-web-server-ThreadStarter 1-9
2023-06-02 03:25:34,882 INFO o.a.j.t.JMeterThread: Thread finished: simple-web-server-ThreadStarter 1-9
2023-06-02 03:25:34,882 INFO o.a.j.t.JMeterThread: Thread is done: simple-web-server-ThreadStarter 1-59
2023-06-02 03:25:34,882 INFO o.a.j.t.JMeterThread: Thread finished: simple-web-server-ThreadStarter 1-59
2023-06-02 03:25:34,883 INFO o.a.j.t.JMeterThread: Thread is done: simple-web-server-ThreadStarter 1-43
2023-06-02 03:25:34,883 INFO o.a.j.t.JMeterThread: Thread is done: simple-web-server-ThreadStarter 1-28
2023-06-02 03:25:34,883 INFO o.a.j.t.JMeterThread: Thread finished: simple-web-server-ThreadStarter 1-43
2023-06-02 03:25:34,883 INFO o.a.j.t.JMeterThread: Thread is done: simple-web-server-ThreadStarter 1-13
2023-06-02 03:25:34,883 INFO o.a.j.t.JMeterThread: Thread finished: simple-web-server-ThreadStarter 1-28
2023-06-02 03:25:34,883 INFO o.a.j.t.JMeterThread: Thread is done: simple-web-server-ThreadStarter 1-41
2023-06-02 03:25:34,883 INFO o.a.j.t.JMeterThread: Thread finished: simple-web-server-ThreadStarter 1-13
2023-06-02 03:25:34,883 INFO o.a.j.t.JMeterThread: Thread is done: simple-web-server-ThreadStarter 1-39
2023-06-02 03:25:34,883 INFO o.a.j.t.JMeterThread: Thread finished: simple-web-server-ThreadStarter 1-41
2023-06-02 03:25:34,883 INFO o.a.j.t.JMeterThread: Thread is done: simple-web-server-ThreadStarter 1-37
2023-06-02 03:25:34,883 INFO o.a.j.t.JMeterThread: Thread finished: simple-web-server-ThreadStarter 1-39
2023-06-02 03:25:34,883 INFO o.a.j.t.JMeterThread: Thread finished: simple-web-server-ThreadStarter 1-37
2023-06-02 03:25:34,883 INFO o.a.j.t.JMeterThread: Thread is done: simple-web-server-ThreadStarter 1-11
2023-06-02 03:25:34,883 INFO o.a.j.t.JMeterThread: Thread finished: simple-web-server-ThreadStarter 1-11
2023-06-02 03:25:34,883 INFO o.a.j.t.JMeterThread: Thread is done: simple-web-server-ThreadStarter 1-51
2023-06-02 03:25:34,883 INFO o.a.j.t.JMeterThread: Thread finished: simple-web-server-ThreadStarter 1-51
2023-06-02 03:25:34,883 INFO o.a.j.t.JMeterThread: Thread is done: simple-web-server-ThreadStarter 1-18
2023-06-02 03:25:34,884 INFO o.a.j.t.JMeterThread: Thread is done: simple-web-server-ThreadStarter 1-38
2023-06-02 03:25:34,884 INFO o.a.j.t.JMeterThread: Thread finished: simple-web-server-ThreadStarter 1-38
2023-06-02 03:25:34,884 INFO o.a.j.t.JMeterThread: Thread is done: simple-web-server-ThreadStarter 1-6
2023-06-02 03:25:34,884 INFO o.a.j.t.JMeterThread: Thread finished: simple-web-server-ThreadStarter 1-6
2023-06-02 03:25:34,884 INFO o.a.j.t.JMeterThread: Thread is done: simple-web-server-ThreadStarter 1-24
2023-06-02 03:25:34,884 INFO o.a.j.t.JMeterThread: Thread is done: simple-web-server-ThreadStarter 1-45
2023-06-02 03:25:34,884 INFO o.a.j.t.JMeterThread: Thread finished: simple-web-server-ThreadStarter 1-24
2023-06-02 03:25:34,884 INFO o.a.j.t.JMeterThread: Thread finished: simple-web-server-ThreadStarter 1-45
2023-06-02 03:25:34,884 INFO o.a.j.t.JMeterThread: Thread is done: simple-web-server-ThreadStarter 1-4
2023-06-02 03:25:34,884 INFO o.a.j.t.JMeterThread: Thread is done: simple-web-server-ThreadStarter 1-10
2023-06-02 03:25:34,884 INFO o.a.j.t.JMeterThread: Thread finished: simple-web-server-ThreadStarter 1-10
2023-06-02 03:25:34,885 INFO o.a.j.t.JMeterThread: Thread is done: simple-web-server-ThreadStarter 1-35
2023-06-02 03:25:34,885 INFO o.a.j.t.JMeterThread: Thread is done: simple-web-server-ThreadStarter 1-12
2023-06-02 03:25:34,885 INFO o.a.j.t.JMeterThread: Thread is done: simple-web-server-ThreadStarter 1-3
2023-06-02 03:25:34,885 INFO o.a.j.t.JMeterThread: Thread finished: simple-web-server-ThreadStarter 1-35
2023-06-02 03:25:34,885 INFO o.a.j.t.JMeterThread: Thread is done: simple-web-server-ThreadStarter 1-23
2023-06-02 03:25:34,885 INFO o.a.j.t.JMeterThread: Thread finished: simple-web-server-ThreadStarter 1-3
2023-06-02 03:25:34,885 INFO o.a.j.t.JMeterThread: Thread is done: simple-web-server-ThreadStarter 1-50
2023-06-02 03:25:34,885 INFO o.a.j.t.JMeterThread: Thread finished: simple-web-server-ThreadStarter 1-23
2023-06-02 03:25:34,885 INFO o.a.j.t.JMeterThread: Thread finished: simple-web-server-ThreadStarter 1-50
2023-06-02 03:25:34,885 INFO o.a.j.t.JMeterThread: Thread is done: simple-web-server-ThreadStarter 1-7
2023-06-02 03:25:34,885 INFO o.a.j.t.JMeterThread: Thread is done: simple-web-server-ThreadStarter 1-34
2023-06-02 03:25:34,885 INFO o.a.j.t.JMeterThread: Thread is done: simple-web-server-ThreadStarter 1-60
2023-06-02 03:25:34,885 INFO o.a.j.t.JMeterThread: Thread is done: simple-web-server-ThreadStarter 1-44
2023-06-02 03:25:34,885 INFO o.a.j.t.JMeterThread: Thread finished: simple-web-server-ThreadStarter 1-7
2023-06-02 03:25:34,885 INFO o.a.j.t.JMeterThread: Thread finished: simple-web-server-ThreadStarter 1-44
2023-06-02 03:25:34,884 INFO o.a.j.t.JMeterThread: Thread is done: simple-web-server-ThreadStarter 1-55
2023-06-02 03:25:34,885 INFO o.a.j.t.JMeterThread: Thread is done: simple-web-server-ThreadStarter 1-14
2023-06-02 03:25:34,885 INFO o.a.j.t.JMeterThread: Thread is done: simple-web-server-ThreadStarter 1-27
2023-06-02 03:25:34,885 INFO o.a.j.t.JMeterThread: Thread is done: simple-web-server-ThreadStarter 1-8
2023-06-02 03:25:34,885 INFO o.a.j.t.JMeterThread: Thread finished: simple-web-server-ThreadStarter 1-14
2023-06-02 03:25:34,885 INFO o.a.j.t.JMeterThread: Thread is done: simple-web-server-ThreadStarter 1-21
2023-06-02 03:25:34,885 INFO o.a.j.t.JMeterThread: Thread finished: simple-web-server-ThreadStarter 1-8
2023-06-02 03:25:34,885 INFO o.a.j.t.JMeterThread: Thread is done: simple-web-server-ThreadStarter 1-54
2023-06-02 03:25:34,885 INFO o.a.j.t.JMeterThread: Thread finished: simple-web-server-ThreadStarter 1-21
2023-06-02 03:25:34,885 INFO o.a.j.t.JMeterThread: Thread is done: simple-web-server-ThreadStarter 1-26
2023-06-02 03:25:34,884 INFO o.a.j.t.JMeterThread: Thread finished: simple-web-server-ThreadStarter 1-18
2023-06-02 03:25:34,885 INFO o.a.j.t.JMeterThread: Thread finished: simple-web-server-ThreadStarter 1-26
2023-06-02 03:25:34,885 INFO o.a.j.t.JMeterThread: Thread is done: simple-web-server-ThreadStarter 1-2
2023-06-02 03:25:34,885 INFO o.a.j.t.JMeterThread: Thread is done: simple-web-server-ThreadStarter 1-30
2023-06-02 03:25:34,885 INFO o.a.j.t.JMeterThread: Thread is done: simple-web-server-ThreadStarter 1-40
2023-06-02 03:25:34,885 INFO o.a.j.t.JMeterThread: Thread finished: simple-web-server-ThreadStarter 1-2
2023-06-02 03:25:34,886 INFO o.a.j.t.JMeterThread: Thread finished: simple-web-server-ThreadStarter 1-40
2023-06-02 03:25:34,886 INFO o.a.j.t.JMeterThread: Thread is done: simple-web-server-ThreadStarter 1-17
2023-06-02 03:25:34,886 INFO o.a.j.t.JMeterThread: Thread is done: simple-web-server-ThreadStarter 1-15
2023-06-02 03:25:34,886 INFO o.a.j.t.JMeterThread: Thread finished: simple-web-server-ThreadStarter 1-30
2023-06-02 03:25:34,886 INFO o.a.j.t.JMeterThread: Thread is done: simple-web-server-ThreadStarter 1-47
2023-06-02 03:25:34,886 INFO o.a.j.t.JMeterThread: Thread finished: simple-web-server-ThreadStarter 1-17
2023-06-02 03:25:34,885 INFO o.a.j.t.JMeterThread: Thread finished: simple-web-server-ThreadStarter 1-54
2023-06-02 03:25:34,886 INFO o.a.j.t.JMeterThread: Thread finished: simple-web-server-ThreadStarter 1-47
2023-06-02 03:25:34,885 INFO o.a.j.t.JMeterThread: Thread finished: simple-web-server-ThreadStarter 1-27
2023-06-02 03:25:34,886 INFO o.a.j.t.JMeterThread: Thread is done: simple-web-server-ThreadStarter 1-20
2023-06-02 03:25:34,886 INFO o.a.j.t.JMeterThread: Thread is done: simple-web-server-ThreadStarter 1-56
2023-06-02 03:25:34,886 INFO o.a.j.t.JMeterThread: Thread is done: simple-web-server-ThreadStarter 1-52
2023-06-02 03:25:34,886 INFO o.a.j.t.JMeterThread: Thread finished: simple-web-server-ThreadStarter 1-20
2023-06-02 03:25:34,886 INFO o.a.j.t.JMeterThread: Thread finished: simple-web-server-ThreadStarter 1-56
2023-06-02 03:25:34,885 INFO o.a.j.t.JMeterThread: Thread is done: simple-web-server-ThreadStarter 1-29
2023-06-02 03:25:34,886 INFO o.a.j.t.JMeterThread: Thread is done: simple-web-server-ThreadStarter 1-42
2023-06-02 03:25:34,886 INFO o.a.j.t.JMeterThread: Thread finished: simple-web-server-ThreadStarter 1-52
2023-06-02 03:25:34,886 INFO o.a.j.t.JMeterThread: Thread finished: simple-web-server-ThreadStarter 1-42
2023-06-02 03:25:34,886 INFO o.a.j.t.JMeterThread: Thread is done: simple-web-server-ThreadStarter 1-58
2023-06-02 03:25:34,886 INFO o.a.j.t.JMeterThread: Thread finished: simple-web-server-ThreadStarter 1-58
2023-06-02 03:25:34,886 INFO o.a.j.t.JMeterThread: Thread is done: simple-web-server-ThreadStarter 1-57
2023-06-02 03:25:34,885 INFO o.a.j.t.JMeterThread: Thread finished: simple-web-server-ThreadStarter 1-55
2023-06-02 03:25:34,886 INFO o.a.j.t.JMeterThread: Thread finished: simple-web-server-ThreadStarter 1-57
2023-06-02 03:25:34,886 INFO o.a.j.t.JMeterThread: Thread is done: simple-web-server-ThreadStarter 1-25
2023-06-02 03:25:34,886 INFO o.a.j.t.JMeterThread: Thread finished: simple-web-server-ThreadStarter 1-25
2023-06-02 03:25:34,886 INFO o.a.j.t.JMeterThread: Thread is done: simple-web-server-ThreadStarter 1-32
2023-06-02 03:25:34,885 INFO o.a.j.t.JMeterThread: Thread is done: simple-web-server-ThreadStarter 1-46
2023-06-02 03:25:34,886 INFO o.a.j.t.JMeterThread: Thread is done: simple-web-server-ThreadStarter 1-36
2023-06-02 03:25:34,886 INFO o.a.j.t.JMeterThread: Thread is done: simple-web-server-ThreadStarter 1-5
2023-06-02 03:25:34,886 INFO o.a.j.t.JMeterThread: Thread finished: simple-web-server-ThreadStarter 1-46
2023-06-02 03:25:34,886 INFO o.a.j.t.JMeterThread: Thread finished: simple-web-server-ThreadStarter 1-36
2023-06-02 03:25:34,886 INFO o.a.j.t.JMeterThread: Thread finished: simple-web-server-ThreadStarter 1-5
2023-06-02 03:25:34,886 INFO o.a.j.t.JMeterThread: Thread is done: simple-web-server-ThreadStarter 1-1
2023-06-02 03:25:34,886 INFO o.a.j.t.JMeterThread: Thread finished: simple-web-server-ThreadStarter 1-1
2023-06-02 03:25:34,887 INFO o.a.j.t.JMeterThread: Thread is done: simple-web-server-ThreadStarter 1-31
2023-06-02 03:25:34,887 INFO o.a.j.t.JMeterThread: Thread finished: simple-web-server-ThreadStarter 1-31
2023-06-02 03:25:34,885 INFO o.a.j.t.JMeterThread: Thread finished: simple-web-server-ThreadStarter 1-60
2023-06-02 03:25:34,885 INFO o.a.j.t.JMeterThread: Thread is done: simple-web-server-ThreadStarter 1-49
2023-06-02 03:25:34,885 INFO o.a.j.t.JMeterThread: Thread finished: simple-web-server-ThreadStarter 1-12
2023-06-02 03:25:34,890 INFO o.a.j.t.JMeterThread: Thread is done: simple-web-server-ThreadStarter 1-53
2023-06-02 03:25:34,884 INFO o.a.j.t.JMeterThread: Thread finished: simple-web-server-ThreadStarter 1-4
2023-06-02 03:25:34,890 INFO o.a.j.t.JMeterThread: Thread finished: simple-web-server-ThreadStarter 1-34
2023-06-02 03:25:34,890 INFO o.a.j.t.JMeterThread: Thread finished: simple-web-server-ThreadStarter 1-49
2023-06-02 03:25:34,889 INFO o.a.j.t.JMeterThread: Thread is done: simple-web-server-ThreadStarter 1-48
2023-06-02 03:25:34,889 INFO o.a.j.t.JMeterThread: Thread is done: simple-web-server-ThreadStarter 1-16
2023-06-02 03:25:34,892 INFO o.a.j.t.JMeterThread: Thread finished: simple-web-server-ThreadStarter 1-48
2023-06-02 03:25:34,892 INFO o.a.j.t.JMeterThread: Thread finished: simple-web-server-ThreadStarter 1-16
2023-06-02 03:25:34,892 INFO o.a.j.t.JMeterThread: Thread finished: simple-web-server-ThreadStarter 1-32
2023-06-02 03:25:34,892 INFO o.a.j.t.JMeterThread: Thread finished: simple-web-server-ThreadStarter 1-29
2023-06-02 03:25:34,885 INFO o.a.j.t.JMeterThread: Thread is done: simple-web-server-ThreadStarter 1-33
2023-06-02 03:25:34,892 INFO o.a.j.t.JMeterThread: Thread finished: simple-web-server-ThreadStarter 1-15
2023-06-02 03:25:34,892 INFO o.a.j.t.JMeterThread: Thread finished: simple-web-server-ThreadStarter 1-33
2023-06-02 03:25:34,890 INFO o.a.j.t.JMeterThread: Thread finished: simple-web-server-ThreadStarter 1-53
2023-06-02 03:25:34,891 INFO o.a.j.t.JMeterThread: Thread is done: simple-web-server-ThreadStarter 1-19
2023-06-02 03:25:34,894 INFO o.a.j.t.JMeterThread: Thread finished: simple-web-server-ThreadStarter 1-19
2023-06-02 03:25:34,900 INFO o.a.j.e.StandardJMeterEngine: Notifying test listeners of end of test
2023-06-02 03:25:34,902 INFO o.a.j.e.StandardJMeterEngine: Forced JVM shutdown requested at end of test
