2023-06-05 00:54:58,783 INFO o.a.j.u.JMeterUtils: Setting Locale to en_US
2023-06-05 00:54:58,820 INFO o.a.j.JMeter: Loading user properties from: /home/vagrant/.bzt/jmeter-taurus/5.4.3/bin/user.properties
2023-06-05 00:54:58,820 INFO o.a.j.JMeter: Loading system properties from: /home/vagrant/.bzt/jmeter-taurus/5.4.3/bin/system.properties
2023-06-05 00:54:58,821 INFO o.a.j.JMeter: Loading additional properties from: /home/vagrant/daniel/simple-web-server/2023-06-05_00-54-51.850183/jmeter-bzt.properties
2023-06-05 00:54:58,821 INFO o.a.j.JMeter: Setting System properties from file: /home/vagrant/daniel/simple-web-server/2023-06-05_00-54-51.850183/system.properties
2023-06-05 00:54:58,828 INFO o.a.j.JMeter: Copyright (c) 1998-2021 The Apache Software Foundation
2023-06-05 00:54:58,828 INFO o.a.j.JMeter: Version 5.4.3
2023-06-05 00:54:58,828 INFO o.a.j.JMeter: java.version=11.0.11
2023-06-05 00:54:58,828 INFO o.a.j.JMeter: java.vm.name=OpenJDK 64-Bit Server VM
2023-06-05 00:54:58,828 INFO o.a.j.JMeter: os.name=Linux
2023-06-05 00:54:58,829 INFO o.a.j.JMeter: os.arch=amd64
2023-06-05 00:54:58,829 INFO o.a.j.JMeter: os.version=5.4.0-80-generic
2023-06-05 00:54:58,829 INFO o.a.j.JMeter: file.encoding=UTF-8
2023-06-05 00:54:58,829 INFO o.a.j.JMeter: java.awt.headless=true
2023-06-05 00:54:58,829 INFO o.a.j.JMeter: Max memory     =5249171456
2023-06-05 00:54:58,829 INFO o.a.j.JMeter: Available Processors =6
2023-06-05 00:54:58,838 INFO o.a.j.JMeter: Default Locale=English (United States)
2023-06-05 00:54:58,838 INFO o.a.j.JMeter: JMeter  Locale=English (United States)
2023-06-05 00:54:58,838 INFO o.a.j.JMeter: JMeterHome=/home/vagrant/.bzt/jmeter-taurus/5.4.3
2023-06-05 00:54:58,838 INFO o.a.j.JMeter: user.dir  =/home/vagrant/daniel/simple-web-server
2023-06-05 00:54:58,838 INFO o.a.j.JMeter: PWD       =/home/vagrant/daniel/simple-web-server
2023-06-05 00:54:58,839 INFO o.a.j.JMeter: IP: 127.0.1.1 Name: vagrant FullName: vagrant.vm
2023-06-05 00:54:58,839 INFO o.a.j.JMeter: user.classpath=/home/vagrant/daniel/simple-web-server/2023-06-05_00-54-51.850183:/home/vagrant/daniel/simple-web-server/2023-06-05_00-54-51.850183
2023-06-05 00:54:58,839 INFO o.a.j.JMeter: Adding to classpath and loader: /home/vagrant/daniel/simple-web-server/2023-06-05_00-54-51.850183
2023-06-05 00:54:58,840 INFO o.a.j.JMeter: Adding to classpath and loader: /home/vagrant/daniel/simple-web-server/2023-06-05_00-54-51.850183
2023-06-05 00:54:58,845 INFO o.a.j.s.FileServer: Default base='/home/vagrant/daniel/simple-web-server'
2023-06-05 00:54:58,846 INFO o.a.j.s.FileServer: Set new base='/home/vagrant/daniel/simple-web-server/2023-06-05_00-54-51.850183'
2023-06-05 00:54:59,037 INFO o.a.j.s.SaveService: Testplan (JMX) version: 2.2. Testlog (JTL) version: 2.2
2023-06-05 00:54:59,073 INFO o.a.j.s.SaveService: Using SaveService properties version 5.0
2023-06-05 00:54:59,076 INFO o.a.j.s.SaveService: Using SaveService properties file encoding UTF-8
2023-06-05 00:54:59,080 INFO o.a.j.s.SaveService: Loading file: /home/vagrant/daniel/simple-web-server/2023-06-05_00-54-51.850183/modified_requests.jmx
2023-06-05 00:54:59,127 INFO o.a.j.p.h.c.CacheManager: Will only cache the following methods: [GET]
2023-06-05 00:54:59,129 INFO o.a.j.p.h.c.CookieManager: Settings: Delete null: true Check: true Allow variable: true Save: false Prefix: COOKIE_
2023-06-05 00:54:59,145 INFO o.a.j.p.h.s.HTTPSamplerBase: Parser for text/html is org.apache.jmeter.protocol.http.parser.LagartoBasedHtmlParser
2023-06-05 00:54:59,145 INFO o.a.j.p.h.s.HTTPSamplerBase: Parser for application/xhtml+xml is org.apache.jmeter.protocol.http.parser.LagartoBasedHtmlParser
2023-06-05 00:54:59,145 INFO o.a.j.p.h.s.HTTPSamplerBase: Parser for application/xml is org.apache.jmeter.protocol.http.parser.LagartoBasedHtmlParser
2023-06-05 00:54:59,146 INFO o.a.j.p.h.s.HTTPSamplerBase: Parser for text/xml is org.apache.jmeter.protocol.http.parser.LagartoBasedHtmlParser
2023-06-05 00:54:59,146 INFO o.a.j.p.h.s.HTTPSamplerBase: Parser for text/vnd.wap.wml is org.apache.jmeter.protocol.http.parser.RegexpHTMLParser
2023-06-05 00:54:59,146 INFO o.a.j.p.h.s.HTTPSamplerBase: Parser for text/css is org.apache.jmeter.protocol.http.parser.CssParser
2023-06-05 00:54:59,174 INFO o.a.j.e.StandardJMeterEngine: Running the test!
2023-06-05 00:54:59,175 INFO o.a.j.s.SampleEvent: List of sample_variables: []
2023-06-05 00:54:59,175 INFO o.a.j.s.SampleEvent: List of sample_variables: []
2023-06-05 00:54:59,186 INFO o.a.j.e.u.CompoundVariable: Note: Function class names must contain the string: '.functions.'
2023-06-05 00:54:59,186 INFO o.a.j.e.u.CompoundVariable: Note: Function class names must not contain the string: '.gui.'
2023-06-05 00:54:59,568 INFO o.a.j.JMeter: Running test (1685926499568)
2023-06-05 00:54:59,600 INFO o.a.j.e.StandardJMeterEngine: Starting ThreadGroup: 1 : simple-web-server
2023-06-05 00:54:59,600 INFO o.a.j.e.StandardJMeterEngine: Starting 60 threads for group simple-web-server.
2023-06-05 00:54:59,600 INFO o.a.j.e.StandardJMeterEngine: Thread will continue on error
2023-06-05 00:54:59,603 INFO o.a.j.e.StandardJMeterEngine: All thread groups have been started
2023-06-05 00:54:59,604 INFO c.b.j.t.c.ConcurrencyThreadStarter: Start supplying threads
2023-06-05 00:54:59,738 INFO o.a.j.s.SampleResult: Note: Sample TimeStamps are START times
2023-06-05 00:54:59,738 INFO o.a.j.s.SampleResult: sampleresult.default.encoding is set to UTF-8
2023-06-05 00:54:59,738 INFO o.a.j.s.SampleResult: sampleresult.useNanoTime=true
2023-06-05 00:54:59,738 INFO o.a.j.s.SampleResult: sampleresult.nanoThreadSleep=5000
2023-06-05 00:54:59,745 INFO o.a.j.t.JMeterThread: Thread started: simple-web-server-ThreadStarter 1-1
2023-06-05 00:54:59,766 INFO o.a.j.p.h.s.HTTPHCAbstractImpl: Local host = vagrant
2023-06-05 00:54:59,772 INFO o.a.j.p.h.s.HTTPHC4Impl: HTTP request retry count = 0
2023-06-05 00:54:59,863 INFO o.a.j.u.JsseSSLManager: Using default SSL protocol: TLS
2023-06-05 00:54:59,863 INFO o.a.j.u.JsseSSLManager: SSL session context: per-thread
2023-06-05 00:55:00,741 INFO o.a.j.t.JMeterThread: Thread started: simple-web-server-ThreadStarter 1-2
2023-06-05 00:55:00,747 INFO o.a.j.t.JMeterThread: Thread started: simple-web-server-ThreadStarter 1-3
2023-06-05 00:55:00,760 INFO o.a.j.t.JMeterThread: Thread started: simple-web-server-ThreadStarter 1-4
2023-06-05 00:55:00,763 INFO o.a.j.t.JMeterThread: Thread started: simple-web-server-ThreadStarter 1-5
2023-06-05 00:55:00,767 INFO o.a.j.t.JMeterThread: Thread started: simple-web-server-ThreadStarter 1-6
2023-06-05 00:55:00,769 INFO o.a.j.t.JMeterThread: Thread started: simple-web-server-ThreadStarter 1-7
2023-06-05 00:55:01,788 INFO o.a.j.t.JMeterThread: Thread started: simple-web-server-ThreadStarter 1-8
2023-06-05 00:55:01,796 INFO o.a.j.t.JMeterThread: Thread started: simple-web-server-ThreadStarter 1-9
2023-06-05 00:55:01,828 INFO o.a.j.t.JMeterThread: Thread started: simple-web-server-ThreadStarter 1-10
2023-06-05 00:55:01,833 INFO o.a.j.t.JMeterThread: Thread started: simple-web-server-ThreadStarter 1-11
2023-06-05 00:55:01,858 INFO o.a.j.t.JMeterThread: Thread started: simple-web-server-ThreadStarter 1-12
2023-06-05 00:55:01,895 INFO o.a.j.t.JMeterThread: Thread started: simple-web-server-ThreadStarter 1-13
2023-06-05 00:55:01,929 INFO o.a.j.t.JMeterThread: Thread started: simple-web-server-ThreadStarter 1-14
2023-06-05 00:55:02,891 INFO o.a.j.t.JMeterThread: Thread started: simple-web-server-ThreadStarter 1-15
2023-06-05 00:55:02,892 INFO o.a.j.t.JMeterThread: Thread started: simple-web-server-ThreadStarter 1-16
2023-06-05 00:55:02,906 INFO o.a.j.t.JMeterThread: Thread started: simple-web-server-ThreadStarter 1-17
2023-06-05 00:55:02,909 INFO o.a.j.t.JMeterThread: Thread started: simple-web-server-ThreadStarter 1-18
2023-06-05 00:55:02,921 INFO o.a.j.t.JMeterThread: Thread started: simple-web-server-ThreadStarter 1-19
2023-06-05 00:55:02,938 INFO o.a.j.t.JMeterThread: Thread started: simple-web-server-ThreadStarter 1-20
2023-06-05 00:55:04,013 INFO o.a.j.t.JMeterThread: Thread started: simple-web-server-ThreadStarter 1-22
2023-06-05 00:55:04,023 INFO o.a.j.t.JMeterThread: Thread started: simple-web-server-ThreadStarter 1-23
2023-06-05 00:55:04,043 INFO o.a.j.t.JMeterThread: Thread started: simple-web-server-ThreadStarter 1-24
2023-06-05 00:55:04,061 INFO o.a.j.t.JMeterThread: Thread started: simple-web-server-ThreadStarter 1-25
2023-06-05 00:55:04,073 INFO o.a.j.t.JMeterThread: Thread started: simple-web-server-ThreadStarter 1-26
2023-06-05 00:55:04,113 INFO o.a.j.t.JMeterThread: Thread started: simple-web-server-ThreadStarter 1-21
2023-06-05 00:55:04,117 INFO o.a.j.t.JMeterThread: Thread started: simple-web-server-ThreadStarter 1-27
2023-06-05 00:55:05,126 INFO o.a.j.t.JMeterThread: Thread started: simple-web-server-ThreadStarter 1-28
2023-06-05 00:55:05,145 INFO o.a.j.t.JMeterThread: Thread started: simple-web-server-ThreadStarter 1-29
2023-06-05 00:55:05,171 INFO o.a.j.t.JMeterThread: Thread started: simple-web-server-ThreadStarter 1-30
2023-06-05 00:55:05,208 INFO o.a.j.t.JMeterThread: Thread started: simple-web-server-ThreadStarter 1-31
2023-06-05 00:55:05,237 INFO o.a.j.t.JMeterThread: Thread started: simple-web-server-ThreadStarter 1-32
2023-06-05 00:55:05,242 INFO o.a.j.t.JMeterThread: Thread started: simple-web-server-ThreadStarter 1-33
2023-06-05 00:55:05,251 INFO o.a.j.t.JMeterThread: Thread started: simple-web-server-ThreadStarter 1-34
2023-06-05 00:55:06,274 INFO o.a.j.t.JMeterThread: Thread started: simple-web-server-ThreadStarter 1-35
2023-06-05 00:55:06,275 INFO o.a.j.t.JMeterThread: Thread started: simple-web-server-ThreadStarter 1-36
2023-06-05 00:55:06,282 INFO o.a.j.t.JMeterThread: Thread started: simple-web-server-ThreadStarter 1-37
2023-06-05 00:55:06,290 INFO o.a.j.t.JMeterThread: Thread started: simple-web-server-ThreadStarter 1-38
2023-06-05 00:55:06,294 INFO o.a.j.t.JMeterThread: Thread started: simple-web-server-ThreadStarter 1-39
2023-06-05 00:55:06,296 INFO o.a.j.t.JMeterThread: Thread started: simple-web-server-ThreadStarter 1-40
2023-06-05 00:55:07,296 INFO o.a.j.t.JMeterThread: Thread started: simple-web-server-ThreadStarter 1-41
2023-06-05 00:55:07,296 INFO o.a.j.t.JMeterThread: Thread started: simple-web-server-ThreadStarter 1-42
2023-06-05 00:55:07,300 INFO o.a.j.t.JMeterThread: Thread started: simple-web-server-ThreadStarter 1-45
2023-06-05 00:55:07,300 INFO o.a.j.t.JMeterThread: Thread started: simple-web-server-ThreadStarter 1-43
2023-06-05 00:55:07,301 INFO o.a.j.t.JMeterThread: Thread started: simple-web-server-ThreadStarter 1-44
2023-06-05 00:55:07,314 INFO o.a.j.t.JMeterThread: Thread started: simple-web-server-ThreadStarter 1-46
2023-06-05 00:55:08,315 INFO o.a.j.t.JMeterThread: Thread started: simple-web-server-ThreadStarter 1-47
2023-06-05 00:55:08,315 INFO o.a.j.t.JMeterThread: Thread started: simple-web-server-ThreadStarter 1-48
2023-06-05 00:55:08,316 INFO o.a.j.t.JMeterThread: Thread started: simple-web-server-ThreadStarter 1-49
2023-06-05 00:55:08,328 INFO o.a.j.t.JMeterThread: Thread started: simple-web-server-ThreadStarter 1-50
2023-06-05 00:55:08,329 INFO o.a.j.t.JMeterThread: Thread started: simple-web-server-ThreadStarter 1-52
2023-06-05 00:55:08,330 INFO o.a.j.t.JMeterThread: Thread started: simple-web-server-ThreadStarter 1-51
2023-06-05 00:55:09,331 INFO o.a.j.t.JMeterThread: Thread started: simple-web-server-ThreadStarter 1-53
2023-06-05 00:55:09,331 INFO o.a.j.t.JMeterThread: Thread started: simple-web-server-ThreadStarter 1-54
2023-06-05 00:55:09,333 INFO o.a.j.t.JMeterThread: Thread started: simple-web-server-ThreadStarter 1-55
2023-06-05 00:55:09,334 INFO o.a.j.t.JMeterThread: Thread started: simple-web-server-ThreadStarter 1-56
2023-06-05 00:55:09,339 INFO o.a.j.t.JMeterThread: Thread started: simple-web-server-ThreadStarter 1-57
2023-06-05 00:55:09,343 INFO o.a.j.t.JMeterThread: Thread started: simple-web-server-ThreadStarter 1-58
2023-06-05 00:55:10,343 INFO o.a.j.t.JMeterThread: Thread started: simple-web-server-ThreadStarter 1-59
2023-06-05 00:55:10,344 INFO o.a.j.t.JMeterThread: Thread started: simple-web-server-ThreadStarter 1-60
2023-06-05 00:56:10,433 INFO c.b.j.t.c.ConcurrencyThreadStarter: Done supplying threads
2023-06-05 00:56:10,434 INFO o.a.j.t.JMeterThread: Thread is done: simple-web-server-ThreadStarter 1-46
2023-06-05 00:56:10,434 INFO o.a.j.t.JMeterThread: Thread finished: simple-web-server-ThreadStarter 1-46
2023-06-05 00:56:10,435 INFO o.a.j.t.JMeterThread: Thread is done: simple-web-server-ThreadStarter 1-57
2023-06-05 00:56:10,435 INFO o.a.j.t.JMeterThread: Thread finished: simple-web-server-ThreadStarter 1-57
2023-06-05 00:56:10,437 INFO o.a.j.t.JMeterThread: Thread is done: simple-web-server-ThreadStarter 1-44
2023-06-05 00:56:10,437 INFO o.a.j.t.JMeterThread: Thread finished: simple-web-server-ThreadStarter 1-44
2023-06-05 00:56:10,438 INFO o.a.j.t.JMeterThread: Thread is done: simple-web-server-ThreadStarter 1-24
2023-06-05 00:56:10,438 INFO o.a.j.t.JMeterThread: Thread finished: simple-web-server-ThreadStarter 1-24
2023-06-05 00:56:10,439 INFO o.a.j.t.JMeterThread: Thread is done: simple-web-server-ThreadStarter 1-38
2023-06-05 00:56:10,440 INFO o.a.j.t.JMeterThread: Thread finished: simple-web-server-ThreadStarter 1-38
2023-06-05 00:56:10,442 INFO o.a.j.t.JMeterThread: Thread is done: simple-web-server-ThreadStarter 1-35
2023-06-05 00:56:10,442 INFO o.a.j.t.JMeterThread: Thread finished: simple-web-server-ThreadStarter 1-35
2023-06-05 00:56:10,443 INFO o.a.j.t.JMeterThread: Thread is done: simple-web-server-ThreadStarter 1-58
2023-06-05 00:56:10,443 INFO o.a.j.t.JMeterThread: Thread finished: simple-web-server-ThreadStarter 1-58
2023-06-05 00:56:10,444 INFO o.a.j.t.JMeterThread: Thread is done: simple-web-server-ThreadStarter 1-39
2023-06-05 00:56:10,444 INFO o.a.j.t.JMeterThread: Thread finished: simple-web-server-ThreadStarter 1-39
2023-06-05 00:56:10,445 INFO o.a.j.t.JMeterThread: Thread is done: simple-web-server-ThreadStarter 1-34
2023-06-05 00:56:10,445 INFO o.a.j.t.JMeterThread: Thread finished: simple-web-server-ThreadStarter 1-34
2023-06-05 00:56:10,446 INFO o.a.j.t.JMeterThread: Thread is done: simple-web-server-ThreadStarter 1-41
2023-06-05 00:56:10,446 INFO o.a.j.t.JMeterThread: Thread finished: simple-web-server-ThreadStarter 1-41
2023-06-05 00:56:10,448 INFO o.a.j.t.JMeterThread: Thread is done: simple-web-server-ThreadStarter 1-14
2023-06-05 00:56:10,448 INFO o.a.j.t.JMeterThread: Thread finished: simple-web-server-ThreadStarter 1-14
2023-06-05 00:56:10,449 INFO o.a.j.t.JMeterThread: Thread is done: simple-web-server-ThreadStarter 1-55
2023-06-05 00:56:10,449 INFO o.a.j.t.JMeterThread: Thread finished: simple-web-server-ThreadStarter 1-55
2023-06-05 00:56:10,450 INFO o.a.j.t.JMeterThread: Thread is done: simple-web-server-ThreadStarter 1-27
2023-06-05 00:56:10,450 INFO o.a.j.t.JMeterThread: Thread finished: simple-web-server-ThreadStarter 1-27
2023-06-05 00:56:10,450 INFO o.a.j.t.JMeterThread: Thread is done: simple-web-server-ThreadStarter 1-60
2023-06-05 00:56:10,451 INFO o.a.j.t.JMeterThread: Thread finished: simple-web-server-ThreadStarter 1-60
2023-06-05 00:56:10,452 INFO o.a.j.t.JMeterThread: Thread is done: simple-web-server-ThreadStarter 1-50
2023-06-05 00:56:10,452 INFO o.a.j.t.JMeterThread: Thread finished: simple-web-server-ThreadStarter 1-50
2023-06-05 00:56:10,455 INFO o.a.j.t.JMeterThread: Thread is done: simple-web-server-ThreadStarter 1-26
2023-06-05 00:56:10,455 INFO o.a.j.t.JMeterThread: Thread finished: simple-web-server-ThreadStarter 1-26
2023-06-05 00:56:10,456 INFO o.a.j.t.JMeterThread: Thread is done: simple-web-server-ThreadStarter 1-21
2023-06-05 00:56:10,456 INFO o.a.j.t.JMeterThread: Thread finished: simple-web-server-ThreadStarter 1-21
2023-06-05 00:56:10,457 INFO o.a.j.t.JMeterThread: Thread is done: simple-web-server-ThreadStarter 1-17
2023-06-05 00:56:10,457 INFO o.a.j.t.JMeterThread: Thread finished: simple-web-server-ThreadStarter 1-17
2023-06-05 00:56:10,458 INFO o.a.j.t.JMeterThread: Thread is done: simple-web-server-ThreadStarter 1-8
2023-06-05 00:56:10,458 INFO o.a.j.t.JMeterThread: Thread finished: simple-web-server-ThreadStarter 1-8
2023-06-05 00:56:10,462 INFO o.a.j.t.JMeterThread: Thread is done: simple-web-server-ThreadStarter 1-51
2023-06-05 00:56:10,462 INFO o.a.j.t.JMeterThread: Thread finished: simple-web-server-ThreadStarter 1-51
2023-06-05 00:56:10,464 INFO o.a.j.t.JMeterThread: Thread is done: simple-web-server-ThreadStarter 1-16
2023-06-05 00:56:10,464 INFO o.a.j.t.JMeterThread: Thread finished: simple-web-server-ThreadStarter 1-16
2023-06-05 00:56:10,465 INFO o.a.j.t.JMeterThread: Thread is done: simple-web-server-ThreadStarter 1-2
2023-06-05 00:56:10,465 INFO o.a.j.t.JMeterThread: Thread finished: simple-web-server-ThreadStarter 1-2
2023-06-05 00:56:10,467 INFO o.a.j.t.JMeterThread: Thread is done: simple-web-server-ThreadStarter 1-56
2023-06-05 00:56:10,467 INFO o.a.j.t.JMeterThread: Thread finished: simple-web-server-ThreadStarter 1-56
2023-06-05 00:56:10,469 INFO o.a.j.t.JMeterThread: Thread is done: simple-web-server-ThreadStarter 1-10
2023-06-05 00:56:10,469 INFO o.a.j.t.JMeterThread: Thread finished: simple-web-server-ThreadStarter 1-10
2023-06-05 00:56:10,471 INFO o.a.j.t.JMeterThread: Thread is done: simple-web-server-ThreadStarter 1-11
2023-06-05 00:56:10,471 INFO o.a.j.t.JMeterThread: Thread finished: simple-web-server-ThreadStarter 1-11
2023-06-05 00:56:10,474 INFO o.a.j.t.JMeterThread: Thread is done: simple-web-server-ThreadStarter 1-59
2023-06-05 00:56:10,474 INFO o.a.j.t.JMeterThread: Thread finished: simple-web-server-ThreadStarter 1-59
2023-06-05 00:56:10,476 INFO o.a.j.t.JMeterThread: Thread is done: simple-web-server-ThreadStarter 1-25
2023-06-05 00:56:10,476 INFO o.a.j.t.JMeterThread: Thread finished: simple-web-server-ThreadStarter 1-25
2023-06-05 00:56:10,477 INFO o.a.j.t.JMeterThread: Thread is done: simple-web-server-ThreadStarter 1-23
2023-06-05 00:56:10,477 INFO o.a.j.t.JMeterThread: Thread finished: simple-web-server-ThreadStarter 1-23
2023-06-05 00:56:10,479 INFO o.a.j.t.JMeterThread: Thread is done: simple-web-server-ThreadStarter 1-3
2023-06-05 00:56:10,479 INFO o.a.j.t.JMeterThread: Thread finished: simple-web-server-ThreadStarter 1-3
2023-06-05 00:56:10,480 INFO o.a.j.t.JMeterThread: Thread is done: simple-web-server-ThreadStarter 1-1
2023-06-05 00:56:10,480 INFO o.a.j.t.JMeterThread: Thread finished: simple-web-server-ThreadStarter 1-1
2023-06-05 00:56:10,481 INFO o.a.j.t.JMeterThread: Thread is done: simple-web-server-ThreadStarter 1-32
2023-06-05 00:56:10,481 INFO o.a.j.t.JMeterThread: Thread finished: simple-web-server-ThreadStarter 1-32
2023-06-05 00:56:10,482 INFO o.a.j.t.JMeterThread: Thread is done: simple-web-server-ThreadStarter 1-52
2023-06-05 00:56:10,482 INFO o.a.j.t.JMeterThread: Thread finished: simple-web-server-ThreadStarter 1-52
2023-06-05 00:56:10,486 INFO o.a.j.t.JMeterThread: Thread is done: simple-web-server-ThreadStarter 1-43
2023-06-05 00:56:10,486 INFO o.a.j.t.JMeterThread: Thread finished: simple-web-server-ThreadStarter 1-43
2023-06-05 00:56:10,487 INFO o.a.j.t.JMeterThread: Thread is done: simple-web-server-ThreadStarter 1-54
2023-06-05 00:56:10,487 INFO o.a.j.t.JMeterThread: Thread finished: simple-web-server-ThreadStarter 1-54
2023-06-05 00:56:10,489 INFO o.a.j.t.JMeterThread: Thread is done: simple-web-server-ThreadStarter 1-19
2023-06-05 00:56:10,489 INFO o.a.j.t.JMeterThread: Thread finished: simple-web-server-ThreadStarter 1-19
2023-06-05 00:56:10,490 INFO o.a.j.t.JMeterThread: Thread is done: simple-web-server-ThreadStarter 1-12
2023-06-05 00:56:10,490 INFO o.a.j.t.JMeterThread: Thread finished: simple-web-server-ThreadStarter 1-12
2023-06-05 00:56:10,491 INFO o.a.j.t.JMeterThread: Thread is done: simple-web-server-ThreadStarter 1-37
2023-06-05 00:56:10,491 INFO o.a.j.t.JMeterThread: Thread finished: simple-web-server-ThreadStarter 1-37
2023-06-05 00:56:10,492 INFO o.a.j.t.JMeterThread: Thread is done: simple-web-server-ThreadStarter 1-5
2023-06-05 00:56:10,492 INFO o.a.j.t.JMeterThread: Thread finished: simple-web-server-ThreadStarter 1-5
2023-06-05 00:56:10,494 INFO o.a.j.t.JMeterThread: Thread is done: simple-web-server-ThreadStarter 1-53
2023-06-05 00:56:10,494 INFO o.a.j.t.JMeterThread: Thread finished: simple-web-server-ThreadStarter 1-53
2023-06-05 00:56:10,499 INFO o.a.j.t.JMeterThread: Thread is done: simple-web-server-ThreadStarter 1-40
2023-06-05 00:56:10,499 INFO o.a.j.t.JMeterThread: Thread finished: simple-web-server-ThreadStarter 1-40
2023-06-05 00:56:10,499 INFO o.a.j.t.JMeterThread: Thread is done: simple-web-server-ThreadStarter 1-47
2023-06-05 00:56:10,499 INFO o.a.j.t.JMeterThread: Thread finished: simple-web-server-ThreadStarter 1-47
2023-06-05 00:56:10,499 INFO o.a.j.t.JMeterThread: Thread is done: simple-web-server-ThreadStarter 1-30
2023-06-05 00:56:10,499 INFO o.a.j.t.JMeterThread: Thread finished: simple-web-server-ThreadStarter 1-30
2023-06-05 00:56:10,500 INFO o.a.j.t.JMeterThread: Thread is done: simple-web-server-ThreadStarter 1-33
2023-06-05 00:56:10,500 INFO o.a.j.t.JMeterThread: Thread finished: simple-web-server-ThreadStarter 1-33
2023-06-05 00:56:10,504 INFO o.a.j.t.JMeterThread: Thread is done: simple-web-server-ThreadStarter 1-45
2023-06-05 00:56:10,504 INFO o.a.j.t.JMeterThread: Thread finished: simple-web-server-ThreadStarter 1-45
2023-06-05 00:56:10,505 INFO o.a.j.t.JMeterThread: Thread is done: simple-web-server-ThreadStarter 1-20
2023-06-05 00:56:10,505 INFO o.a.j.t.JMeterThread: Thread finished: simple-web-server-ThreadStarter 1-20
2023-06-05 00:56:10,508 INFO o.a.j.t.JMeterThread: Thread is done: simple-web-server-ThreadStarter 1-15
2023-06-05 00:56:10,508 INFO o.a.j.t.JMeterThread: Thread is done: simple-web-server-ThreadStarter 1-48
2023-06-05 00:56:10,508 INFO o.a.j.t.JMeterThread: Thread finished: simple-web-server-ThreadStarter 1-15
2023-06-05 00:56:10,508 INFO o.a.j.t.JMeterThread: Thread finished: simple-web-server-ThreadStarter 1-48
2023-06-05 00:56:10,510 INFO o.a.j.t.JMeterThread: Thread is done: simple-web-server-ThreadStarter 1-22
2023-06-05 00:56:10,510 INFO o.a.j.t.JMeterThread: Thread finished: simple-web-server-ThreadStarter 1-22
2023-06-05 00:56:10,511 INFO o.a.j.t.JMeterThread: Thread is done: simple-web-server-ThreadStarter 1-36
2023-06-05 00:56:10,511 INFO o.a.j.t.JMeterThread: Thread finished: simple-web-server-ThreadStarter 1-36
2023-06-05 00:56:10,514 INFO o.a.j.t.JMeterThread: Thread is done: simple-web-server-ThreadStarter 1-7
2023-06-05 00:56:10,514 INFO o.a.j.t.JMeterThread: Thread finished: simple-web-server-ThreadStarter 1-7
2023-06-05 00:56:10,515 INFO o.a.j.t.JMeterThread: Thread is done: simple-web-server-ThreadStarter 1-49
2023-06-05 00:56:10,515 INFO o.a.j.t.JMeterThread: Thread finished: simple-web-server-ThreadStarter 1-49
2023-06-05 00:56:10,518 INFO o.a.j.t.JMeterThread: Thread is done: simple-web-server-ThreadStarter 1-28
2023-06-05 00:56:10,518 INFO o.a.j.t.JMeterThread: Thread finished: simple-web-server-ThreadStarter 1-28
2023-06-05 00:56:10,521 INFO o.a.j.t.JMeterThread: Thread is done: simple-web-server-ThreadStarter 1-42
2023-06-05 00:56:10,521 INFO o.a.j.t.JMeterThread: Thread finished: simple-web-server-ThreadStarter 1-42
2023-06-05 00:56:10,524 INFO o.a.j.t.JMeterThread: Thread is done: simple-web-server-ThreadStarter 1-31
2023-06-05 00:56:10,524 INFO o.a.j.t.JMeterThread: Thread finished: simple-web-server-ThreadStarter 1-31
2023-06-05 00:56:10,525 INFO o.a.j.t.JMeterThread: Thread is done: simple-web-server-ThreadStarter 1-9
2023-06-05 00:56:10,526 INFO o.a.j.t.JMeterThread: Thread finished: simple-web-server-ThreadStarter 1-9
2023-06-05 00:56:10,526 INFO o.a.j.t.JMeterThread: Thread is done: simple-web-server-ThreadStarter 1-4
2023-06-05 00:56:10,526 INFO o.a.j.t.JMeterThread: Thread finished: simple-web-server-ThreadStarter 1-4
2023-06-05 00:56:10,529 INFO o.a.j.t.JMeterThread: Thread is done: simple-web-server-ThreadStarter 1-6
2023-06-05 00:56:10,529 INFO o.a.j.t.JMeterThread: Thread finished: simple-web-server-ThreadStarter 1-6
2023-06-05 00:56:10,530 INFO o.a.j.t.JMeterThread: Thread is done: simple-web-server-ThreadStarter 1-13
2023-06-05 00:56:10,530 INFO o.a.j.t.JMeterThread: Thread finished: simple-web-server-ThreadStarter 1-13
2023-06-05 00:56:10,533 INFO o.a.j.t.JMeterThread: Thread is done: simple-web-server-ThreadStarter 1-18
2023-06-05 00:56:10,533 INFO o.a.j.t.JMeterThread: Thread finished: simple-web-server-ThreadStarter 1-18
2023-06-05 00:56:10,536 INFO o.a.j.t.JMeterThread: Thread is done: simple-web-server-ThreadStarter 1-29
2023-06-05 00:56:10,536 INFO o.a.j.t.JMeterThread: Thread finished: simple-web-server-ThreadStarter 1-29
2023-06-05 00:56:10,536 INFO o.a.j.e.StandardJMeterEngine: Notifying test listeners of end of test
2023-06-05 00:56:10,537 INFO o.a.j.e.StandardJMeterEngine: Forced JVM shutdown requested at end of test
